 inf  16   3 inf inf inf   5
  16 inf inf inf  10   6 inf
   3 inf inf   3 inf inf   4
 inf inf   3 inf   8 inf inf
 inf  10 inf   8 inf   8   5
 inf   6 inf inf   8 inf inf
   5 inf   4 inf   5 inf inf
1000000009
0 1 0 
38
0 1 0 2 
38
0 1 0 2 3 
38
0 1 0 2 3 4 
38
0 1 0 2 3 4 5 
38
0 1 0 2 3 4 6 
38
0 1 0 2 6 
38
0 1 0 2 6 4 
38
0 1 0 2 6 4 3 
38
0 1 0 2 6 4 5 
38
0 1 0 6 
38
0 1 0 6 2 
38
0 1 0 6 2 3 
38
0 1 0 6 2 3 4 
38
0 1 0 6 2 3 4 5 
38
0 1 0 6 4 
38
0 1 0 6 4 3 
38
0 1 0 6 4 3 2 
38
0 1 0 6 4 5 
38
0 1 4 
38
0 1 4 3 
38
0 1 4 3 2 
38
0 1 4 3 2 0 
38
0 1 4 3 2 0 6 
38
0 1 4 3 2 6 
38
0 1 4 3 2 6 0 
38
0 1 4 5 
36
0 1 4 6 
36
0 1 4 6 0 
36
0 1 4 6 0 2 
36
0 1 4 6 0 2 3 
36
0 1 4 6 2 
36
0 1 4 6 2 0 
36
0 1 4 6 2 3 
36
0 1 5 
36
0 1 5 4 
36
0 1 5 4 3 
36
0 1 5 4 3 2 
36
0 1 5 4 3 2 0 
36
0 1 5 4 3 2 0 6 
36
0 1 5 4 3 2 6 
36
0 1 5 4 3 2 6 0 
36
0 1 5 4 6 
36
0 1 5 4 6 0 
36
0 1 5 4 6 0 2 
36
0 1 5 4 6 0 2 3 
36
0 1 5 4 6 2 
36
0 1 5 4 6 2 0 
36
0 1 5 4 6 2 3 
36
0 2 0 
36
0 2 0 1 
36
0 2 0 1 4 
36
0 2 0 1 4 3 
36
0 2 0 1 4 5 
36
0 2 0 1 4 6 
36
0 2 0 1 5 
36
0 2 0 1 5 4 
36
0 2 0 1 5 4 3 
36
0 2 0 1 5 4 6 
16
0 2 0 6 
16
0 2 0 6 4 
16
0 2 0 6 4 1 
16
0 2 0 6 4 1 5 
16
0 2 0 6 4 3 
16
0 2 0 6 4 5 
16
0 2 0 6 4 5 1 
16
0 2 3 
16
0 2 3 4 
16
0 2 3 4 1 
16
0 2 3 4 1 0 
16
0 2 3 4 1 0 6 
16
0 2 3 4 1 5 
16
0 2 3 4 5 
16
0 2 3 4 5 1 
16
0 2 3 4 5 1 0 
16
0 2 3 4 5 1 0 6 
16
0 2 3 4 6 
16
0 2 3 4 6 0 
16
0 2 3 4 6 0 1 
16
0 2 3 4 6 0 1 5 
12
0 2 6 
12
0 2 6 0 
12
0 2 6 0 1 
12
0 2 6 0 1 4 
12
0 2 6 0 1 4 3 
12
0 2 6 0 1 4 5 
12
0 2 6 0 1 5 
12
0 2 6 0 1 5 4 
12
0 2 6 0 1 5 4 3 
12
0 2 6 4 
12
0 2 6 4 1 
12
0 2 6 4 1 0 
12
0 2 6 4 1 5 
12
0 2 6 4 3 
12
0 2 6 4 5 
12
0 2 6 4 5 1 
12
0 2 6 4 5 1 0 
12
0 6 0 
12
0 6 0 1 
12
0 6 0 1 4 
12
0 6 0 1 4 3 
12
0 6 0 1 4 3 2 
12
0 6 0 1 4 5 
12
0 6 0 1 5 
12
0 6 0 1 5 4 
12
0 6 0 1 5 4 3 
12
0 6 0 1 5 4 3 2 
12
0 6 0 2 
12
0 6 0 2 3 
12
0 6 0 2 3 4 
12
0 6 0 2 3 4 1 
12
0 6 0 2 3 4 1 5 
12
0 6 0 2 3 4 5 
12
0 6 0 2 3 4 5 1 
12
0 6 2 
12
0 6 2 0 
12
0 6 2 0 1 
12
0 6 2 0 1 4 
12
0 6 2 0 1 4 3 
12
0 6 2 0 1 4 5 
12
0 6 2 0 1 5 
12
0 6 2 0 1 5 4 
12
0 6 2 0 1 5 4 3 
12
0 6 2 3 
12
0 6 2 3 4 
12
0 6 2 3 4 1 
12
0 6 2 3 4 1 0 
12
0 6 2 3 4 1 5 
12
0 6 2 3 4 5 
12
0 6 2 3 4 5 1 
12
0 6 2 3 4 5 1 0 
12
0 6 4 
12
0 6 4 1 
12
0 6 4 1 0 
12
0 6 4 1 0 2 
12
0 6 4 1 0 2 3 
12
0 6 4 1 5 
12
0 6 4 3 
12
0 6 4 3 2 
12
0 6 4 3 2 0 
12
0 6 4 3 2 0 1 
12
0 6 4 3 2 0 1 5 
12
0 6 4 5 
12
0 6 4 5 1 
12
0 6 4 5 1 0 
12
0 6 4 5 1 0 2 
12
0 6 4 5 1 0 2 3 
12
1 0 1 
12
1 0 1 4 
12
1 0 1 4 3 
12
1 0 1 4 3 2 
12
1 0 1 4 3 2 6 
12
1 0 1 4 5 
12
1 0 1 4 6 
12
1 0 1 4 6 2 
12
1 0 1 4 6 2 3 
12
1 0 1 5 
12
1 0 1 5 4 
12
1 0 1 5 4 3 
12
1 0 1 5 4 3 2 
12
1 0 1 5 4 3 2 6 
12
1 0 1 5 4 6 
12
1 0 1 5 4 6 2 
12
1 0 1 5 4 6 2 3 
12
1 0 2 
12
1 0 2 3 
12
1 0 2 3 4 
12
1 0 2 3 4 1 
12
1 0 2 3 4 1 5 
12
1 0 2 3 4 5 
12
1 0 2 3 4 5 1 
12
1 0 2 3 4 6 
12
1 0 2 6 
12
1 0 2 6 4 
12
1 0 2 6 4 1 
12
1 0 2 6 4 1 5 
12
1 0 2 6 4 3 
12
1 0 2 6 4 5 
12
1 0 2 6 4 5 1 
12
1 0 6 
12
1 0 6 2 
12
1 0 6 2 3 
12
1 0 6 2 3 4 
12
1 0 6 2 3 4 1 
12
1 0 6 2 3 4 1 5 
12
1 0 6 2 3 4 5 
12
1 0 6 2 3 4 5 1 
12
1 0 6 4 
12
1 0 6 4 1 
12
1 0 6 4 1 5 
12
1 0 6 4 3 
12
1 0 6 4 3 2 
12
1 0 6 4 5 
12
1 0 6 4 5 1 
12
1 4 1 
12
1 4 1 0 
12
1 4 1 0 2 
12
1 4 1 0 2 3 
12
1 4 1 0 2 6 
12
1 4 1 0 6 
12
1 4 1 0 6 2 
12
1 4 1 0 6 2 3 
12
1 4 1 5 
12
1 4 3 
12
1 4 3 2 
12
1 4 3 2 0 
12
1 4 3 2 0 1 
12
1 4 3 2 0 1 5 
12
1 4 3 2 0 6 
12
1 4 3 2 6 
12
1 4 3 2 6 0 
12
1 4 3 2 6 0 1 
12
1 4 3 2 6 0 1 5 
12
1 4 5 
12
1 4 5 1 
12
1 4 5 1 0 
12
1 4 5 1 0 2 
12
1 4 5 1 0 2 3 
12
1 4 5 1 0 2 6 
12
1 4 5 1 0 6 
12
1 4 5 1 0 6 2 
12
1 4 5 1 0 6 2 3 
12
1 4 6 
12
1 4 6 0 
12
1 4 6 0 1 
12
1 4 6 0 1 5 
12
1 4 6 0 2 
12
1 4 6 0 2 3 
12
1 4 6 2 
12
1 4 6 2 0 
12
1 4 6 2 0 1 
12
1 4 6 2 0 1 5 
12
1 4 6 2 3 
12
1 5 1 
12
1 5 1 0 
12
1 5 1 0 2 
12
1 5 1 0 2 3 
12
1 5 1 0 2 3 4 
12
1 5 1 0 2 3 4 6 
12
1 5 1 0 2 6 
12
1 5 1 0 2 6 4 
12
1 5 1 0 2 6 4 3 
12
1 5 1 0 6 
12
1 5 1 0 6 2 
12
1 5 1 0 6 2 3 
12
1 5 1 0 6 2 3 4 
12
1 5 1 0 6 4 
12
1 5 1 0 6 4 3 
12
1 5 1 0 6 4 3 2 
12
1 5 1 4 
12
1 5 1 4 3 
12
1 5 1 4 3 2 
12
1 5 1 4 3 2 0 
12
1 5 1 4 3 2 0 6 
12
1 5 1 4 3 2 6 
12
1 5 1 4 3 2 6 0 
12
1 5 1 4 6 
12
1 5 1 4 6 0 
12
1 5 1 4 6 0 2 
12
1 5 1 4 6 0 2 3 
12
1 5 1 4 6 2 
12
1 5 1 4 6 2 0 
12
1 5 1 4 6 2 3 
12
1 5 4 
12
1 5 4 1 
12
1 5 4 1 0 
12
1 5 4 1 0 2 
12
1 5 4 1 0 2 3 
12
1 5 4 1 0 2 6 
12
1 5 4 1 0 6 
12
1 5 4 1 0 6 2 
12
1 5 4 1 0 6 2 3 
12
1 5 4 3 
12
1 5 4 3 2 
12
1 5 4 3 2 0 
12
1 5 4 3 2 0 1 
12
1 5 4 3 2 0 6 
12
1 5 4 3 2 6 
12
1 5 4 3 2 6 0 
12
1 5 4 3 2 6 0 1 
12
1 5 4 6 
12
1 5 4 6 0 
12
1 5 4 6 0 1 
12
1 5 4 6 0 2 
12
1 5 4 6 0 2 3 
12
1 5 4 6 2 
12
1 5 4 6 2 0 
12
1 5 4 6 2 0 1 
12
1 5 4 6 2 3 
12
2 0 1 
12
2 0 1 4 
12
2 0 1 4 3 
12
2 0 1 4 3 2 
12
2 0 1 4 3 2 6 
12
2 0 1 4 5 
12
2 0 1 4 6 
12
2 0 1 4 6 2 
12
2 0 1 4 6 2 3 
12
2 0 1 5 
12
2 0 1 5 4 
12
2 0 1 5 4 3 
12
2 0 1 5 4 3 2 
12
2 0 1 5 4 3 2 6 
12
2 0 1 5 4 6 
12
2 0 1 5 4 6 2 
12
2 0 1 5 4 6 2 3 
9
2 0 2 
9
2 0 2 3 
9
2 0 2 3 4 
9
2 0 2 3 4 1 
9
2 0 2 3 4 1 5 
9
2 0 2 3 4 5 
9
2 0 2 3 4 5 1 
9
2 0 2 3 4 6 
9
2 0 2 6 
9
2 0 2 6 4 
9
2 0 2 6 4 1 
9
2 0 2 6 4 1 5 
9
2 0 2 6 4 3 
9
2 0 2 6 4 5 
9
2 0 2 6 4 5 1 
9
2 0 6 
9
2 0 6 2 
9
2 0 6 2 3 
9
2 0 6 2 3 4 
9
2 0 6 2 3 4 1 
9
2 0 6 2 3 4 1 5 
9
2 0 6 2 3 4 5 
9
2 0 6 2 3 4 5 1 
9
2 0 6 4 
9
2 0 6 4 1 
9
2 0 6 4 1 5 
9
2 0 6 4 3 
9
2 0 6 4 3 2 
9
2 0 6 4 5 
9
2 0 6 4 5 1 
9
2 3 2 
9
2 3 2 0 
9
2 3 2 0 1 
9
2 3 2 0 1 4 
9
2 3 2 0 1 4 5 
9
2 3 2 0 1 4 6 
9
2 3 2 0 1 5 
9
2 3 2 0 1 5 4 
9
2 3 2 0 1 5 4 6 
9
2 3 2 0 6 
9
2 3 2 0 6 4 
9
2 3 2 0 6 4 1 
9
2 3 2 0 6 4 1 5 
9
2 3 2 0 6 4 5 
9
2 3 2 0 6 4 5 1 
9
2 3 2 6 
9
2 3 2 6 0 
9
2 3 2 6 0 1 
9
2 3 2 6 0 1 4 
9
2 3 2 6 0 1 4 5 
9
2 3 2 6 0 1 5 
9
2 3 2 6 0 1 5 4 
9
2 3 2 6 4 
9
2 3 2 6 4 1 
9
2 3 2 6 4 1 0 
9
2 3 2 6 4 1 5 
9
2 3 2 6 4 5 
9
2 3 2 6 4 5 1 
9
2 3 2 6 4 5 1 0 
9
2 3 4 
9
2 3 4 1 
9
2 3 4 1 0 
9
2 3 4 1 0 2 
9
2 3 4 1 0 2 6 
9
2 3 4 1 0 6 
9
2 3 4 1 0 6 2 
9
2 3 4 1 5 
9
2 3 4 5 
9
2 3 4 5 1 
9
2 3 4 5 1 0 
9
2 3 4 5 1 0 2 
9
2 3 4 5 1 0 2 6 
9
2 3 4 5 1 0 6 
9
2 3 4 5 1 0 6 2 
9
2 3 4 6 
9
2 3 4 6 0 
9
2 3 4 6 0 1 
9
2 3 4 6 0 1 5 
9
2 3 4 6 0 2 
9
2 3 4 6 2 
9
2 3 4 6 2 0 
9
2 3 4 6 2 0 1 
9
2 3 4 6 2 0 1 5 
9
2 6 0 
9
2 6 0 1 
9
2 6 0 1 4 
9
2 6 0 1 4 3 
9
2 6 0 1 4 3 2 
9
2 6 0 1 4 5 
9
2 6 0 1 5 
9
2 6 0 1 5 4 
9
2 6 0 1 5 4 3 
9
2 6 0 1 5 4 3 2 
9
2 6 0 2 
9
2 6 0 2 3 
9
2 6 0 2 3 4 
9
2 6 0 2 3 4 1 
9
2 6 0 2 3 4 1 5 
9
2 6 0 2 3 4 5 
9
2 6 0 2 3 4 5 1 
9
2 6 2 
9
2 6 2 0 
9
2 6 2 0 1 
9
2 6 2 0 1 4 
9
2 6 2 0 1 4 3 
9
2 6 2 0 1 4 5 
9
2 6 2 0 1 5 
9
2 6 2 0 1 5 4 
9
2 6 2 0 1 5 4 3 
9
2 6 2 3 
9
2 6 2 3 4 
9
2 6 2 3 4 1 
9
2 6 2 3 4 1 0 
9
2 6 2 3 4 1 5 
9
2 6 2 3 4 5 
9
2 6 2 3 4 5 1 
9
2 6 2 3 4 5 1 0 
9
2 6 4 
9
2 6 4 1 
9
2 6 4 1 0 
9
2 6 4 1 0 2 
9
2 6 4 1 0 2 3 
9
2 6 4 1 5 
9
2 6 4 3 
9
2 6 4 3 2 
9
2 6 4 3 2 0 
9
2 6 4 3 2 0 1 
9
2 6 4 3 2 0 1 5 
9
2 6 4 5 
9
2 6 4 5 1 
9
2 6 4 5 1 0 
9
2 6 4 5 1 0 2 
9
2 6 4 5 1 0 2 3 
9
3 2 0 
9
3 2 0 1 
9
3 2 0 1 4 
9
3 2 0 1 4 3 
9
3 2 0 1 4 5 
9
3 2 0 1 4 6 
9
3 2 0 1 5 
9
3 2 0 1 5 4 
9
3 2 0 1 5 4 3 
9
3 2 0 1 5 4 6 
9
3 2 0 6 
9
3 2 0 6 4 
9
3 2 0 6 4 1 
9
3 2 0 6 4 1 5 
9
3 2 0 6 4 3 
9
3 2 0 6 4 5 
9
3 2 0 6 4 5 1 
9
3 2 3 
9
3 2 3 4 
9
3 2 3 4 1 
9
3 2 3 4 1 0 
9
3 2 3 4 1 0 6 
9
3 2 3 4 1 5 
9
3 2 3 4 5 
9
3 2 3 4 5 1 
9
3 2 3 4 5 1 0 
9
3 2 3 4 5 1 0 6 
9
3 2 3 4 6 
9
3 2 3 4 6 0 
9
3 2 3 4 6 0 1 
9
3 2 3 4 6 0 1 5 
9
3 2 6 
9
3 2 6 0 
9
3 2 6 0 1 
9
3 2 6 0 1 4 
9
3 2 6 0 1 4 3 
9
3 2 6 0 1 4 5 
9
3 2 6 0 1 5 
9
3 2 6 0 1 5 4 
9
3 2 6 0 1 5 4 3 
9
3 2 6 4 
9
3 2 6 4 1 
9
3 2 6 4 1 0 
9
3 2 6 4 1 5 
9
3 2 6 4 3 
9
3 2 6 4 5 
9
3 2 6 4 5 1 
9
3 2 6 4 5 1 0 
9
3 4 1 
9
3 4 1 0 
9
3 4 1 0 2 
9
3 4 1 0 2 3 
9
3 4 1 0 2 6 
9
3 4 1 0 6 
9
3 4 1 0 6 2 
9
3 4 1 0 6 2 3 
9
3 4 1 5 
9
3 4 3 
9
3 4 3 2 
9
3 4 3 2 0 
9
3 4 3 2 0 1 
9
3 4 3 2 0 1 5 
9
3 4 3 2 0 6 
9
3 4 3 2 6 
9
3 4 3 2 6 0 
9
3 4 3 2 6 0 1 
9
3 4 3 2 6 0 1 5 
9
3 4 5 
9
3 4 5 1 
9
3 4 5 1 0 
9
3 4 5 1 0 2 
9
3 4 5 1 0 2 3 
9
3 4 5 1 0 2 6 
9
3 4 5 1 0 6 
9
3 4 5 1 0 6 2 
9
3 4 5 1 0 6 2 3 
9
3 4 6 
9
3 4 6 0 
9
3 4 6 0 1 
9
3 4 6 0 1 5 
9
3 4 6 0 2 
9
3 4 6 0 2 3 
9
3 4 6 2 
9
3 4 6 2 0 
9
3 4 6 2 0 1 
9
3 4 6 2 0 1 5 
9
3 4 6 2 3 
9
4 1 0 
9
4 1 0 2 
9
4 1 0 2 3 
9
4 1 0 2 3 4 
9
4 1 0 2 3 4 5 
9
4 1 0 2 3 4 6 
9
4 1 0 2 6 
9
4 1 0 2 6 4 
9
4 1 0 2 6 4 3 
9
4 1 0 2 6 4 5 
9
4 1 0 6 
9
4 1 0 6 2 
9
4 1 0 6 2 3 
9
4 1 0 6 2 3 4 
9
4 1 0 6 2 3 4 5 
9
4 1 0 6 4 
9
4 1 0 6 4 3 
9
4 1 0 6 4 3 2 
9
4 1 0 6 4 5 
9
4 1 4 
9
4 1 4 3 
9
4 1 4 3 2 
9
4 1 4 3 2 0 
9
4 1 4 3 2 0 6 
9
4 1 4 3 2 6 
9
4 1 4 3 2 6 0 
9
4 1 4 5 
9
4 1 4 6 
9
4 1 4 6 0 
9
4 1 4 6 0 2 
9
4 1 4 6 0 2 3 
9
4 1 4 6 2 
9
4 1 4 6 2 0 
9
4 1 4 6 2 3 
9
4 1 5 
9
4 1 5 4 
9
4 1 5 4 3 
9
4 1 5 4 3 2 
9
4 1 5 4 3 2 0 
9
4 1 5 4 3 2 0 6 
9
4 1 5 4 3 2 6 
9
4 1 5 4 3 2 6 0 
9
4 1 5 4 6 
9
4 1 5 4 6 0 
9
4 1 5 4 6 0 2 
9
4 1 5 4 6 0 2 3 
9
4 1 5 4 6 2 
9
4 1 5 4 6 2 0 
9
4 1 5 4 6 2 3 
9
4 3 2 
9
4 3 2 0 
9
4 3 2 0 1 
9
4 3 2 0 1 4 
9
4 3 2 0 1 4 5 
9
4 3 2 0 1 4 6 
9
4 3 2 0 1 5 
9
4 3 2 0 1 5 4 
9
4 3 2 0 1 5 4 6 
9
4 3 2 0 6 
9
4 3 2 0 6 4 
9
4 3 2 0 6 4 1 
9
4 3 2 0 6 4 1 5 
9
4 3 2 0 6 4 5 
9
4 3 2 0 6 4 5 1 
9
4 3 2 6 
9
4 3 2 6 0 
9
4 3 2 6 0 1 
9
4 3 2 6 0 1 4 
9
4 3 2 6 0 1 4 5 
9
4 3 2 6 0 1 5 
9
4 3 2 6 0 1 5 4 
9
4 3 2 6 4 
9
4 3 2 6 4 1 
9
4 3 2 6 4 1 0 
9
4 3 2 6 4 1 5 
9
4 3 2 6 4 5 
9
4 3 2 6 4 5 1 
9
4 3 2 6 4 5 1 0 
9
4 3 4 
9
4 3 4 1 
9
4 3 4 1 0 
9
4 3 4 1 0 2 
9
4 3 4 1 0 2 6 
9
4 3 4 1 0 6 
9
4 3 4 1 0 6 2 
9
4 3 4 1 5 
9
4 3 4 5 
9
4 3 4 5 1 
9
4 3 4 5 1 0 
9
4 3 4 5 1 0 2 
9
4 3 4 5 1 0 2 6 
9
4 3 4 5 1 0 6 
9
4 3 4 5 1 0 6 2 
9
4 3 4 6 
9
4 3 4 6 0 
9
4 3 4 6 0 1 
9
4 3 4 6 0 1 5 
9
4 3 4 6 0 2 
9
4 3 4 6 2 
9
4 3 4 6 2 0 
9
4 3 4 6 2 0 1 
9
4 3 4 6 2 0 1 5 
9
4 5 1 
9
4 5 1 0 
9
4 5 1 0 2 
9
4 5 1 0 2 3 
9
4 5 1 0 2 3 4 
9
4 5 1 0 2 3 4 6 
9
4 5 1 0 2 6 
9
4 5 1 0 2 6 4 
9
4 5 1 0 2 6 4 3 
9
4 5 1 0 6 
9
4 5 1 0 6 2 
9
4 5 1 0 6 2 3 
9
4 5 1 0 6 2 3 4 
9
4 5 1 0 6 4 
9
4 5 1 0 6 4 3 
9
4 5 1 0 6 4 3 2 
9
4 5 1 4 
9
4 5 1 4 3 
9
4 5 1 4 3 2 
9
4 5 1 4 3 2 0 
9
4 5 1 4 3 2 0 6 
9
4 5 1 4 3 2 6 
9
4 5 1 4 3 2 6 0 
9
4 5 1 4 6 
9
4 5 1 4 6 0 
9
4 5 1 4 6 0 2 
9
4 5 1 4 6 0 2 3 
9
4 5 1 4 6 2 
9
4 5 1 4 6 2 0 
9
4 5 1 4 6 2 3 
9
4 5 4 
9
4 5 4 1 
9
4 5 4 1 0 
9
4 5 4 1 0 2 
9
4 5 4 1 0 2 3 
9
4 5 4 1 0 2 6 
9
4 5 4 1 0 6 
9
4 5 4 1 0 6 2 
9
4 5 4 1 0 6 2 3 
9
4 5 4 3 
9
4 5 4 3 2 
9
4 5 4 3 2 0 
9
4 5 4 3 2 0 1 
9
4 5 4 3 2 0 6 
9
4 5 4 3 2 6 
9
4 5 4 3 2 6 0 
9
4 5 4 3 2 6 0 1 
9
4 5 4 6 
9
4 5 4 6 0 
9
4 5 4 6 0 1 
9
4 5 4 6 0 2 
9
4 5 4 6 0 2 3 
9
4 5 4 6 2 
9
4 5 4 6 2 0 
9
4 5 4 6 2 0 1 
9
4 5 4 6 2 3 
9
4 6 0 
9
4 6 0 1 
9
4 6 0 1 4 
9
4 6 0 1 4 3 
9
4 6 0 1 4 3 2 
9
4 6 0 1 4 5 
9
4 6 0 1 5 
9
4 6 0 1 5 4 
9
4 6 0 1 5 4 3 
9
4 6 0 1 5 4 3 2 
9
4 6 0 2 
9
4 6 0 2 3 
9
4 6 0 2 3 4 
9
4 6 0 2 3 4 1 
9
4 6 0 2 3 4 1 5 
9
4 6 0 2 3 4 5 
9
4 6 0 2 3 4 5 1 
9
4 6 2 
9
4 6 2 0 
9
4 6 2 0 1 
9
4 6 2 0 1 4 
9
4 6 2 0 1 4 3 
9
4 6 2 0 1 4 5 
9
4 6 2 0 1 5 
9
4 6 2 0 1 5 4 
9
4 6 2 0 1 5 4 3 
9
4 6 2 3 
9
4 6 2 3 4 
9
4 6 2 3 4 1 
9
4 6 2 3 4 1 0 
9
4 6 2 3 4 1 5 
9
4 6 2 3 4 5 
9
4 6 2 3 4 5 1 
9
4 6 2 3 4 5 1 0 
9
4 6 4 
9
4 6 4 1 
9
4 6 4 1 0 
9
4 6 4 1 0 2 
9
4 6 4 1 0 2 3 
9
4 6 4 1 5 
9
4 6 4 3 
9
4 6 4 3 2 
9
4 6 4 3 2 0 
9
4 6 4 3 2 0 1 
9
4 6 4 3 2 0 1 5 
9
4 6 4 5 
9
4 6 4 5 1 
9
4 6 4 5 1 0 
9
4 6 4 5 1 0 2 
9
4 6 4 5 1 0 2 3 
9
5 1 0 
9
5 1 0 2 
9
5 1 0 2 3 
9
5 1 0 2 3 4 
9
5 1 0 2 3 4 5 
9
5 1 0 2 3 4 6 
9
5 1 0 2 6 
9
5 1 0 2 6 4 
9
5 1 0 2 6 4 3 
9
5 1 0 2 6 4 5 
9
5 1 0 6 
9
5 1 0 6 2 
9
5 1 0 6 2 3 
9
5 1 0 6 2 3 4 
9
5 1 0 6 2 3 4 5 
9
5 1 0 6 4 
9
5 1 0 6 4 3 
9
5 1 0 6 4 3 2 
9
5 1 0 6 4 5 
9
5 1 4 
9
5 1 4 3 
9
5 1 4 3 2 
9
5 1 4 3 2 0 
9
5 1 4 3 2 0 6 
9
5 1 4 3 2 6 
9
5 1 4 3 2 6 0 
9
5 1 4 5 
9
5 1 4 6 
9
5 1 4 6 0 
9
5 1 4 6 0 2 
9
5 1 4 6 0 2 3 
9
5 1 4 6 2 
9
5 1 4 6 2 0 
9
5 1 4 6 2 3 
9
5 1 5 
9
5 1 5 4 
9
5 1 5 4 3 
9
5 1 5 4 3 2 
9
5 1 5 4 3 2 0 
9
5 1 5 4 3 2 0 6 
9
5 1 5 4 3 2 6 
9
5 1 5 4 3 2 6 0 
9
5 1 5 4 6 
9
5 1 5 4 6 0 
9
5 1 5 4 6 0 2 
9
5 1 5 4 6 0 2 3 
9
5 1 5 4 6 2 
9
5 1 5 4 6 2 0 
9
5 1 5 4 6 2 3 
9
5 4 1 
9
5 4 1 0 
9
5 4 1 0 2 
9
5 4 1 0 2 3 
9
5 4 1 0 2 6 
9
5 4 1 0 6 
9
5 4 1 0 6 2 
9
5 4 1 0 6 2 3 
9
5 4 1 5 
9
5 4 3 
9
5 4 3 2 
9
5 4 3 2 0 
9
5 4 3 2 0 1 
9
5 4 3 2 0 1 5 
9
5 4 3 2 0 6 
9
5 4 3 2 6 
9
5 4 3 2 6 0 
9
5 4 3 2 6 0 1 
9
5 4 3 2 6 0 1 5 
9
5 4 5 
9
5 4 5 1 
9
5 4 5 1 0 
9
5 4 5 1 0 2 
9
5 4 5 1 0 2 3 
9
5 4 5 1 0 2 6 
9
5 4 5 1 0 6 
9
5 4 5 1 0 6 2 
9
5 4 5 1 0 6 2 3 
9
5 4 6 
9
5 4 6 0 
9
5 4 6 0 1 
9
5 4 6 0 1 5 
9
5 4 6 0 2 
9
5 4 6 0 2 3 
9
5 4 6 2 
9
5 4 6 2 0 
9
5 4 6 2 0 1 
9
5 4 6 2 0 1 5 
9
5 4 6 2 3 
9
6 0 1 
9
6 0 1 4 
9
6 0 1 4 3 
9
6 0 1 4 3 2 
9
6 0 1 4 3 2 6 
9
6 0 1 4 5 
9
6 0 1 4 6 
9
6 0 1 4 6 2 
9
6 0 1 4 6 2 3 
9
6 0 1 5 
9
6 0 1 5 4 
9
6 0 1 5 4 3 
9
6 0 1 5 4 3 2 
9
6 0 1 5 4 3 2 6 
9
6 0 1 5 4 6 
9
6 0 1 5 4 6 2 
9
6 0 1 5 4 6 2 3 
9
6 0 2 
9
6 0 2 3 
9
6 0 2 3 4 
9
6 0 2 3 4 1 
9
6 0 2 3 4 1 5 
9
6 0 2 3 4 5 
9
6 0 2 3 4 5 1 
9
6 0 2 3 4 6 
9
6 0 2 6 
9
6 0 2 6 4 
9
6 0 2 6 4 1 
9
6 0 2 6 4 1 5 
9
6 0 2 6 4 3 
9
6 0 2 6 4 5 
9
6 0 2 6 4 5 1 
9
6 0 6 
9
6 0 6 2 
9
6 0 6 2 3 
9
6 0 6 2 3 4 
9
6 0 6 2 3 4 1 
9
6 0 6 2 3 4 1 5 
9
6 0 6 2 3 4 5 
9
6 0 6 2 3 4 5 1 
9
6 0 6 4 
9
6 0 6 4 1 
9
6 0 6 4 1 5 
9
6 0 6 4 3 
9
6 0 6 4 3 2 
9
6 0 6 4 5 
9
6 0 6 4 5 1 
9
6 2 0 
9
6 2 0 1 
9
6 2 0 1 4 
9
6 2 0 1 4 3 
9
6 2 0 1 4 5 
9
6 2 0 1 4 6 
9
6 2 0 1 5 
9
6 2 0 1 5 4 
9
6 2 0 1 5 4 3 
9
6 2 0 1 5 4 6 
9
6 2 0 6 
9
6 2 0 6 4 
9
6 2 0 6 4 1 
9
6 2 0 6 4 1 5 
9
6 2 0 6 4 3 
9
6 2 0 6 4 5 
9
6 2 0 6 4 5 1 
9
6 2 3 
9
6 2 3 4 
9
6 2 3 4 1 
9
6 2 3 4 1 0 
9
6 2 3 4 1 0 6 
9
6 2 3 4 1 5 
9
6 2 3 4 5 
9
6 2 3 4 5 1 
9
6 2 3 4 5 1 0 
9
6 2 3 4 5 1 0 6 
9
6 2 3 4 6 
9
6 2 3 4 6 0 
9
6 2 3 4 6 0 1 
9
6 2 3 4 6 0 1 5 
9
6 2 6 
9
6 2 6 0 
9
6 2 6 0 1 
9
6 2 6 0 1 4 
9
6 2 6 0 1 4 3 
9
6 2 6 0 1 4 5 
9
6 2 6 0 1 5 
9
6 2 6 0 1 5 4 
9
6 2 6 0 1 5 4 3 
9
6 2 6 4 
9
6 2 6 4 1 
9
6 2 6 4 1 0 
9
6 2 6 4 1 5 
9
6 2 6 4 3 
9
6 2 6 4 5 
9
6 2 6 4 5 1 
9
6 2 6 4 5 1 0 
9
6 4 1 
9
6 4 1 0 
9
6 4 1 0 2 
9
6 4 1 0 2 3 
9
6 4 1 0 2 6 
9
6 4 1 0 6 
9
6 4 1 0 6 2 
9
6 4 1 0 6 2 3 
9
6 4 1 5 
9
6 4 3 
9
6 4 3 2 
9
6 4 3 2 0 
9
6 4 3 2 0 1 
9
6 4 3 2 0 1 5 
9
6 4 3 2 0 6 
9
6 4 3 2 6 
9
6 4 3 2 6 0 
9
6 4 3 2 6 0 1 
9
6 4 3 2 6 0 1 5 
9
6 4 5 
9
6 4 5 1 
9
6 4 5 1 0 
9
6 4 5 1 0 2 
9
6 4 5 1 0 2 3 
9
6 4 5 1 0 2 6 
9
6 4 5 1 0 6 
9
6 4 5 1 0 6 2 
9
6 4 5 1 0 6 2 3 
9
6 4 6 
9
6 4 6 0 
9
6 4 6 0 1 
9
6 4 6 0 1 5 
9
6 4 6 0 2 
9
6 4 6 0 2 3 
9
6 4 6 2 
9
6 4 6 2 0 
9
6 4 6 2 0 1 
9
6 4 6 2 0 1 5 
9
6 4 6 2 3 
9
