fib[2] = 1
fib[3] = 2
fib[4] = 3
fib[5] = 5
fib[6] = 8
fib[7] = 13
fib[8] = 21
fib[9] = 34
fib[10] = 55
fib[11] = 89
fib[12] = 144
fib[13] = 233
fib[14] = 377
fib[15] = 610
fib[16] = 987
fib[17] = 597
fib[18] = 584
fib[19] = 181
fib[20] = 765
fib[21] = 946
fib[22] = 711
fib[23] = 657
fib[24] = 368
fib[25] = 25
fib[26] = 393
fib[27] = 418
fib[28] = 811
fib[29] = 229
fib[30] = 40
fib[31] = 269
fib[32] = 309
fib[33] = 578
fib[34] = 887
fib[35] = 465
fib[36] = 352
fib[37] = 817
fib[38] = 169
fib[39] = 986
fib[40] = 155
fib[41] = 141
fib[42] = 296
fib[43] = 437
fib[44] = 733
fib[45] = 170
fib[46] = 903
fib[47] = 73
fib[48] = 976
fib[49] = 49
fib[50] = 25
fib[51] = 74
fib[52] = 99
fib[53] = 173
fib[54] = 272
fib[55] = 445
fib[56] = 717
fib[57] = 162
fib[58] = 879
fib[59] = 41
fib[60] = 920
fib[61] = 961
fib[62] = 881
fib[63] = 842
fib[64] = 723
fib[65] = 565
fib[66] = 288
fib[67] = 853
fib[68] = 141
fib[69] = 994
fib[70] = 135
fib[71] = 129
fib[72] = 264
fib[73] = 393
fib[74] = 657
fib[75] = 50
fib[76] = 707
fib[77] = 757
fib[78] = 464
fib[79] = 221
fib[80] = 685
fib[81] = 906
fib[82] = 591
fib[83] = 497
fib[84] = 88
fib[85] = 585
fib[86] = 673
fib[87] = 258
fib[88] = 931
fib[89] = 189
fib[90] = 120
fib[91] = 309
fib[92] = 429
fib[93] = 738
fib[94] = 167
fib[95] = 905
fib[96] = 72
fib[97] = 977
fib[98] = 49
fib[99] = 26
fib[100] = 75
fib[101] = 101
fib[102] = 176
fib[103] = 277
fib[104] = 453
fib[105] = 730
fib[106] = 183
fib[107] = 913
fib[108] = 96
fib[109] = 9
fib[110] = 105
fib[111] = 114
fib[112] = 219
fib[113] = 333
fib[114] = 552
fib[115] = 885
fib[116] = 437
fib[117] = 322
fib[118] = 759
fib[119] = 81
fib[120] = 840
fib[121] = 921
fib[122] = 761
fib[123] = 682
fib[124] = 443
fib[125] = 125
fib[126] = 568
fib[127] = 693
fib[128] = 261
fib[129] = 954
fib[130] = 215
fib[131] = 169
fib[132] = 384
fib[133] = 553
fib[134] = 937
fib[135] = 490
fib[136] = 427
fib[137] = 917
fib[138] = 344
fib[139] = 261
fib[140] = 605
fib[141] = 866
fib[142] = 471
fib[143] = 337
fib[144] = 808
fib[145] = 145
fib[146] = 953
fib[147] = 98
fib[148] = 51
fib[149] = 149
fib[150] = 200
fib[151] = 349
fib[152] = 549
fib[153] = 898
fib[154] = 447
fib[155] = 345
fib[156] = 792
fib[157] = 137
fib[158] = 929
fib[159] = 66
fib[160] = 995
fib[161] = 61
fib[162] = 56
fib[163] = 117
fib[164] = 173
fib[165] = 290
fib[166] = 463
fib[167] = 753
fib[168] = 216
fib[169] = 969
fib[170] = 185
fib[171] = 154
fib[172] = 339
fib[173] = 493
fib[174] = 832
fib[175] = 325
fib[176] = 157
fib[177] = 482
fib[178] = 639
fib[179] = 121
fib[180] = 760
fib[181] = 881
fib[182] = 641
fib[183] = 522
fib[184] = 163
fib[185] = 685
fib[186] = 848
fib[187] = 533
fib[188] = 381
fib[189] = 914
fib[190] = 295
fib[191] = 209
fib[192] = 504
fib[193] = 713
fib[194] = 217
fib[195] = 930
fib[196] = 147
fib[197] = 77
fib[198] = 224
fib[199] = 301
fib[200] = 525
fib[201] = 826
fib[202] = 351
fib[203] = 177
fib[204] = 528
fib[205] = 705
fib[206] = 233
fib[207] = 938
fib[208] = 171
fib[209] = 109
fib[210] = 280
fib[211] = 389
fib[212] = 669
fib[213] = 58
fib[214] = 727
fib[215] = 785
fib[216] = 512
fib[217] = 297
fib[218] = 809
fib[219] = 106
fib[220] = 915
fib[221] = 21
fib[222] = 936
fib[223] = 957
fib[224] = 893
fib[225] = 850
fib[226] = 743
fib[227] = 593
fib[228] = 336
fib[229] = 929
fib[230] = 265
fib[231] = 194
fib[232] = 459
fib[233] = 653
fib[234] = 112
fib[235] = 765
fib[236] = 877
fib[237] = 642
fib[238] = 519
fib[239] = 161
fib[240] = 680
fib[241] = 841
fib[242] = 521
fib[243] = 362
fib[244] = 883
fib[245] = 245
fib[246] = 128
fib[247] = 373
fib[248] = 501
fib[249] = 874
fib[250] = 375
fib[251] = 249
fib[252] = 624
fib[253] = 873
fib[254] = 497
fib[255] = 370
fib[256] = 867
fib[257] = 237
fib[258] = 104
fib[259] = 341
fib[260] = 445
fib[261] = 786
fib[262] = 231
fib[263] = 17
fib[264] = 248
fib[265] = 265
fib[266] = 513
fib[267] = 778
fib[268] = 291
fib[269] = 69
fib[270] = 360
fib[271] = 429
fib[272] = 789
fib[273] = 218
fib[274] = 7
fib[275] = 225
fib[276] = 232
fib[277] = 457
fib[278] = 689
fib[279] = 146
fib[280] = 835
fib[281] = 981
fib[282] = 816
fib[283] = 797
fib[284] = 613
fib[285] = 410
fib[286] = 23
fib[287] = 433
fib[288] = 456
fib[289] = 889
fib[290] = 345
fib[291] = 234
fib[292] = 579
fib[293] = 813
fib[294] = 392
fib[295] = 205
fib[296] = 597
fib[297] = 802
fib[298] = 399
fib[299] = 201
fib[300] = 600
fib[301] = 801
fib[302] = 401
fib[303] = 202
fib[304] = 603
fib[305] = 805
fib[306] = 408
fib[307] = 213
fib[308] = 621
fib[309] = 834
fib[310] = 455
fib[311] = 289
fib[312] = 744
fib[313] = 33
fib[314] = 777
fib[315] = 810
fib[316] = 587
fib[317] = 397
fib[318] = 984
fib[319] = 381
fib[320] = 365
fib[321] = 746
fib[322] = 111
fib[323] = 857
fib[324] = 968
fib[325] = 825
fib[326] = 793
fib[327] = 618
fib[328] = 411
fib[329] = 29
fib[330] = 440
fib[331] = 469
fib[332] = 909
fib[333] = 378
fib[334] = 287
fib[335] = 665
fib[336] = 952
fib[337] = 617
fib[338] = 569
fib[339] = 186
fib[340] = 755
fib[341] = 941
fib[342] = 696
fib[343] = 637
fib[344] = 333
fib[345] = 970
fib[346] = 303
fib[347] = 273
fib[348] = 576
fib[349] = 849
fib[350] = 425
fib[351] = 274
fib[352] = 699
fib[353] = 973
fib[354] = 672
fib[355] = 645
fib[356] = 317
fib[357] = 962
fib[358] = 279
fib[359] = 241
fib[360] = 520
fib[361] = 761
fib[362] = 281
fib[363] = 42
fib[364] = 323
fib[365] = 365
fib[366] = 688
fib[367] = 53
fib[368] = 741
fib[369] = 794
fib[370] = 535
fib[371] = 329
fib[372] = 864
fib[373] = 193
fib[374] = 57
fib[375] = 250
fib[376] = 307
fib[377] = 557
fib[378] = 864
fib[379] = 421
fib[380] = 285
fib[381] = 706
fib[382] = 991
fib[383] = 697
fib[384] = 688
fib[385] = 385
fib[386] = 73
fib[387] = 458
fib[388] = 531
fib[389] = 989
fib[390] = 520
fib[391] = 509
fib[392] = 29
fib[393] = 538
fib[394] = 567
fib[395] = 105
fib[396] = 672
fib[397] = 777
fib[398] = 449
fib[399] = 226
fib[400] = 675
fib[401] = 901
fib[402] = 576
fib[403] = 477
fib[404] = 53
fib[405] = 530
fib[406] = 583
fib[407] = 113
fib[408] = 696
fib[409] = 809
fib[410] = 505
fib[411] = 314
fib[412] = 819
fib[413] = 133
fib[414] = 952
fib[415] = 85
fib[416] = 37
fib[417] = 122
fib[418] = 159
fib[419] = 281
fib[420] = 440
fib[421] = 721
fib[422] = 161
fib[423] = 882
fib[424] = 43
fib[425] = 925
fib[426] = 968
fib[427] = 893
fib[428] = 861
fib[429] = 754
fib[430] = 615
fib[431] = 369
fib[432] = 984
fib[433] = 353
fib[434] = 337
fib[435] = 690
fib[436] = 27
fib[437] = 717
fib[438] = 744
fib[439] = 461
fib[440] = 205
fib[441] = 666
fib[442] = 871
fib[443] = 537
fib[444] = 408
fib[445] = 945
fib[446] = 353
fib[447] = 298
fib[448] = 651
fib[449] = 949
fib[450] = 600
fib[451] = 549
fib[452] = 149
fib[453] = 698
fib[454] = 847
fib[455] = 545
fib[456] = 392
fib[457] = 937
fib[458] = 329
fib[459] = 266
fib[460] = 595
fib[461] = 861
fib[462] = 456
fib[463] = 317
fib[464] = 773
fib[465] = 90
fib[466] = 863
fib[467] = 953
fib[468] = 816
fib[469] = 769
fib[470] = 585
fib[471] = 354
fib[472] = 939
fib[473] = 293
fib[474] = 232
fib[475] = 525
fib[476] = 757
fib[477] = 282
fib[478] = 39
fib[479] = 321
fib[480] = 360
fib[481] = 681
fib[482] = 41
fib[483] = 722
fib[484] = 763
fib[485] = 485
fib[486] = 248
fib[487] = 733
fib[488] = 981
fib[489] = 714
fib[490] = 695
fib[491] = 409
fib[492] = 104
fib[493] = 513
fib[494] = 617
fib[495] = 130
fib[496] = 747
fib[497] = 877
fib[498] = 624
fib[499] = 501
fib[500] = 125
fib[501] = 626
fib[502] = 751
fib[503] = 377
fib[504] = 128
fib[505] = 505
fib[506] = 633
fib[507] = 138
fib[508] = 771
fib[509] = 909
fib[510] = 680
fib[511] = 589
fib[512] = 269
fib[513] = 858
fib[514] = 127
fib[515] = 985
fib[516] = 112
fib[517] = 97
fib[518] = 209
fib[519] = 306
fib[520] = 515
fib[521] = 821
fib[522] = 336
fib[523] = 157
fib[524] = 493
fib[525] = 650
fib[526] = 143
fib[527] = 793
fib[528] = 936
fib[529] = 729
fib[530] = 665
fib[531] = 394
fib[532] = 59
fib[533] = 453
fib[534] = 512
fib[535] = 965
fib[536] = 477
fib[537] = 442
fib[538] = 919
fib[539] = 361
fib[540] = 280
fib[541] = 641
fib[542] = 921
fib[543] = 562
fib[544] = 483
fib[545] = 45
fib[546] = 528
fib[547] = 573
fib[548] = 101
fib[549] = 674
fib[550] = 775
fib[551] = 449
fib[552] = 224
fib[553] = 673
fib[554] = 897
fib[555] = 570
fib[556] = 467
fib[557] = 37
fib[558] = 504
fib[559] = 541
fib[560] = 45
fib[561] = 586
fib[562] = 631
fib[563] = 217
fib[564] = 848
fib[565] = 65
fib[566] = 913
fib[567] = 978
fib[568] = 891
fib[569] = 869
fib[570] = 760
fib[571] = 629
fib[572] = 389
fib[573] = 18
fib[574] = 407
fib[575] = 425
fib[576] = 832
fib[577] = 257
fib[578] = 89
fib[579] = 346
fib[580] = 435
fib[581] = 781
fib[582] = 216
fib[583] = 997
fib[584] = 213
fib[585] = 210
fib[586] = 423
fib[587] = 633
fib[588] = 56
fib[589] = 689
fib[590] = 745
fib[591] = 434
fib[592] = 179
fib[593] = 613
fib[594] = 792
fib[595] = 405
fib[596] = 197
fib[597] = 602
fib[598] = 799
fib[599] = 401
fib[600] = 200
fib[601] = 601
fib[602] = 801
fib[603] = 402
fib[604] = 203
fib[605] = 605
fib[606] = 808
fib[607] = 413
fib[608] = 221
fib[609] = 634
fib[610] = 855
fib[611] = 489
fib[612] = 344
fib[613] = 833
fib[614] = 177
fib[615] = 10
fib[616] = 187
fib[617] = 197
fib[618] = 384
fib[619] = 581
fib[620] = 965
fib[621] = 546
fib[622] = 511
fib[623] = 57
fib[624] = 568
fib[625] = 625
fib[626] = 193
fib[627] = 818
fib[628] = 11
fib[629] = 829
fib[630] = 840
fib[631] = 669
fib[632] = 509
fib[633] = 178
fib[634] = 687
fib[635] = 865
fib[636] = 552
fib[637] = 417
fib[638] = 969
fib[639] = 386
fib[640] = 355
fib[641] = 741
fib[642] = 96
fib[643] = 837
fib[644] = 933
fib[645] = 770
fib[646] = 703
fib[647] = 473
fib[648] = 176
fib[649] = 649
fib[650] = 825
fib[651] = 474
fib[652] = 299
fib[653] = 773
fib[654] = 72
fib[655] = 845
fib[656] = 917
fib[657] = 762
fib[658] = 679
fib[659] = 441
fib[660] = 120
fib[661] = 561
fib[662] = 681
fib[663] = 242
fib[664] = 923
fib[665] = 165
fib[666] = 88
fib[667] = 253
fib[668] = 341
fib[669] = 594
fib[670] = 935
fib[671] = 529
fib[672] = 464
fib[673] = 993
fib[674] = 457
fib[675] = 450
fib[676] = 907
fib[677] = 357
fib[678] = 264
fib[679] = 621
fib[680] = 885
fib[681] = 506
fib[682] = 391
fib[683] = 897
fib[684] = 288
fib[685] = 185
fib[686] = 473
fib[687] = 658
fib[688] = 131
fib[689] = 789
fib[690] = 920
fib[691] = 709
fib[692] = 629
fib[693] = 338
fib[694] = 967
fib[695] = 305
fib[696] = 272
fib[697] = 577
fib[698] = 849
fib[699] = 426
fib[700] = 275
fib[701] = 701
fib[702] = 976
fib[703] = 677
fib[704] = 653
fib[705] = 330
fib[706] = 983
fib[707] = 313
fib[708] = 296
fib[709] = 609
fib[710] = 905
fib[711] = 514
fib[712] = 419
fib[713] = 933
fib[714] = 352
fib[715] = 285
fib[716] = 637
fib[717] = 922
fib[718] = 559
fib[719] = 481
fib[720] = 40
fib[721] = 521
fib[722] = 561
fib[723] = 82
fib[724] = 643
fib[725] = 725
fib[726] = 368
fib[727] = 93
fib[728] = 461
fib[729] = 554
fib[730] = 15
fib[731] = 569
fib[732] = 584
fib[733] = 153
fib[734] = 737
fib[735] = 890
fib[736] = 627
fib[737] = 517
fib[738] = 144
fib[739] = 661
fib[740] = 805
fib[741] = 466
fib[742] = 271
fib[743] = 737
fib[744] = 8
fib[745] = 745
fib[746] = 753
fib[747] = 498
fib[748] = 251
fib[749] = 749
fib[750] = 0
fib[751] = 749
fib[752] = 749
fib[753] = 498
fib[754] = 247
fib[755] = 745
fib[756] = 992
fib[757] = 737
fib[758] = 729
fib[759] = 466
fib[760] = 195
fib[761] = 661
fib[762] = 856
fib[763] = 517
fib[764] = 373
fib[765] = 890
fib[766] = 263
fib[767] = 153
fib[768] = 416
fib[769] = 569
fib[770] = 985
fib[771] = 554
fib[772] = 539
fib[773] = 93
fib[774] = 632
fib[775] = 725
fib[776] = 357
fib[777] = 82
fib[778] = 439
fib[779] = 521
fib[780] = 960
fib[781] = 481
fib[782] = 441
fib[783] = 922
fib[784] = 363
fib[785] = 285
fib[786] = 648
fib[787] = 933
fib[788] = 581
fib[789] = 514
fib[790] = 95
fib[791] = 609
fib[792] = 704
fib[793] = 313
fib[794] = 17
fib[795] = 330
fib[796] = 347
fib[797] = 677
fib[798] = 24
fib[799] = 701
fib[800] = 725
fib[801] = 426
fib[802] = 151
fib[803] = 577
fib[804] = 728
fib[805] = 305
fib[806] = 33
fib[807] = 338
fib[808] = 371
fib[809] = 709
fib[810] = 80
fib[811] = 789
fib[812] = 869
fib[813] = 658
fib[814] = 527
fib[815] = 185
fib[816] = 712
fib[817] = 897
fib[818] = 609
fib[819] = 506
fib[820] = 115
fib[821] = 621
fib[822] = 736
fib[823] = 357
fib[824] = 93
fib[825] = 450
fib[826] = 543
fib[827] = 993
fib[828] = 536
fib[829] = 529
fib[830] = 65
fib[831] = 594
fib[832] = 659
fib[833] = 253
fib[834] = 912
fib[835] = 165
fib[836] = 77
fib[837] = 242
fib[838] = 319
fib[839] = 561
fib[840] = 880
fib[841] = 441
fib[842] = 321
fib[843] = 762
fib[844] = 83
fib[845] = 845
fib[846] = 928
fib[847] = 773
fib[848] = 701
fib[849] = 474
fib[850] = 175
fib[851] = 649
fib[852] = 824
fib[853] = 473
fib[854] = 297
fib[855] = 770
fib[856] = 67
fib[857] = 837
fib[858] = 904
fib[859] = 741
fib[860] = 645
fib[861] = 386
fib[862] = 31
fib[863] = 417
fib[864] = 448
fib[865] = 865
fib[866] = 313
fib[867] = 178
fib[868] = 491
fib[869] = 669
fib[870] = 160
fib[871] = 829
fib[872] = 989
fib[873] = 818
fib[874] = 807
fib[875] = 625
fib[876] = 432
fib[877] = 57
fib[878] = 489
fib[879] = 546
fib[880] = 35
fib[881] = 581
fib[882] = 616
fib[883] = 197
fib[884] = 813
fib[885] = 10
fib[886] = 823
fib[887] = 833
fib[888] = 656
fib[889] = 489
fib[890] = 145
fib[891] = 634
fib[892] = 779
fib[893] = 413
fib[894] = 192
fib[895] = 605
fib[896] = 797
fib[897] = 402
fib[898] = 199
fib[899] = 601
fib[900] = 800
fib[901] = 401
fib[902] = 201
fib[903] = 602
fib[904] = 803
fib[905] = 405
fib[906] = 208
fib[907] = 613
fib[908] = 821
fib[909] = 434
fib[910] = 255
fib[911] = 689
fib[912] = 944
fib[913] = 633
fib[914] = 577
fib[915] = 210
fib[916] = 787
fib[917] = 997
fib[918] = 784
fib[919] = 781
fib[920] = 565
fib[921] = 346
fib[922] = 911
fib[923] = 257
fib[924] = 168
fib[925] = 425
fib[926] = 593
fib[927] = 18
fib[928] = 611
fib[929] = 629
fib[930] = 240
fib[931] = 869
fib[932] = 109
fib[933] = 978
fib[934] = 87
fib[935] = 65
fib[936] = 152
fib[937] = 217
fib[938] = 369
fib[939] = 586
fib[940] = 955
fib[941] = 541
fib[942] = 496
fib[943] = 37
fib[944] = 533
fib[945] = 570
fib[946] = 103
fib[947] = 673
fib[948] = 776
fib[949] = 449
fib[950] = 225
fib[951] = 674
fib[952] = 899
fib[953] = 573
fib[954] = 472
fib[955] = 45
fib[956] = 517
fib[957] = 562
fib[958] = 79
fib[959] = 641
fib[960] = 720
fib[961] = 361
fib[962] = 81
fib[963] = 442
fib[964] = 523
fib[965] = 965
fib[966] = 488
fib[967] = 453
fib[968] = 941
fib[969] = 394
fib[970] = 335
fib[971] = 729
fib[972] = 64
fib[973] = 793
fib[974] = 857
fib[975] = 650
fib[976] = 507
fib[977] = 157
fib[978] = 664
fib[979] = 821
fib[980] = 485
fib[981] = 306
fib[982] = 791
fib[983] = 97
fib[984] = 888
fib[985] = 985
fib[986] = 873
fib[987] = 858
fib[988] = 731
fib[989] = 589
fib[990] = 320
fib[991] = 909
fib[992] = 229
fib[993] = 138
fib[994] = 367
fib[995] = 505
fib[996] = 872
fib[997] = 377
fib[998] = 249
fib[999] = 626
fib[1000] = 875
fib[1001] = 501
fib[1002] = 376
fib[1003] = 877
fib[1004] = 253
fib[1005] = 130
fib[1006] = 383
fib[1007] = 513
fib[1008] = 896
fib[1009] = 409
fib[1010] = 305
fib[1011] = 714
fib[1012] = 19
fib[1013] = 733
fib[1014] = 752
fib[1015] = 485
fib[1016] = 237
fib[1017] = 722
fib[1018] = 959
fib[1019] = 681
fib[1020] = 640
fib[1021] = 321
fib[1022] = 961
fib[1023] = 282
fib[1024] = 243
fib[1025] = 525
fib[1026] = 768
fib[1027] = 293
fib[1028] = 61
fib[1029] = 354
fib[1030] = 415
fib[1031] = 769
fib[1032] = 184
fib[1033] = 953
fib[1034] = 137
fib[1035] = 90
fib[1036] = 227
fib[1037] = 317
fib[1038] = 544
fib[1039] = 861
fib[1040] = 405
fib[1041] = 266
fib[1042] = 671
fib[1043] = 937
fib[1044] = 608
fib[1045] = 545
fib[1046] = 153
fib[1047] = 698
fib[1048] = 851
fib[1049] = 549
fib[1050] = 400
fib[1051] = 949
fib[1052] = 349
fib[1053] = 298
fib[1054] = 647
fib[1055] = 945
fib[1056] = 592
fib[1057] = 537
fib[1058] = 129
fib[1059] = 666
fib[1060] = 795
fib[1061] = 461
fib[1062] = 256
fib[1063] = 717
fib[1064] = 973
fib[1065] = 690
fib[1066] = 663
fib[1067] = 353
fib[1068] = 16
fib[1069] = 369
fib[1070] = 385
fib[1071] = 754
fib[1072] = 139
fib[1073] = 893
fib[1074] = 32
fib[1075] = 925
fib[1076] = 957
fib[1077] = 882
fib[1078] = 839
fib[1079] = 721
fib[1080] = 560
fib[1081] = 281
fib[1082] = 841
fib[1083] = 122
fib[1084] = 963
fib[1085] = 85
fib[1086] = 48
fib[1087] = 133
fib[1088] = 181
fib[1089] = 314
fib[1090] = 495
fib[1091] = 809
fib[1092] = 304
fib[1093] = 113
fib[1094] = 417
fib[1095] = 530
fib[1096] = 947
fib[1097] = 477
fib[1098] = 424
fib[1099] = 901
fib[1100] = 325
fib[1101] = 226
fib[1102] = 551
fib[1103] = 777
fib[1104] = 328
fib[1105] = 105
fib[1106] = 433
fib[1107] = 538
fib[1108] = 971
fib[1109] = 509
fib[1110] = 480
fib[1111] = 989
fib[1112] = 469
fib[1113] = 458
fib[1114] = 927
fib[1115] = 385
fib[1116] = 312
fib[1117] = 697
fib[1118] = 9
fib[1119] = 706
fib[1120] = 715
fib[1121] = 421
fib[1122] = 136
fib[1123] = 557
fib[1124] = 693
fib[1125] = 250
fib[1126] = 943
fib[1127] = 193
fib[1128] = 136
fib[1129] = 329
fib[1130] = 465
fib[1131] = 794
fib[1132] = 259
fib[1133] = 53
fib[1134] = 312
fib[1135] = 365
fib[1136] = 677
fib[1137] = 42
fib[1138] = 719
fib[1139] = 761
fib[1140] = 480
fib[1141] = 241
fib[1142] = 721
fib[1143] = 962
fib[1144] = 683
fib[1145] = 645
fib[1146] = 328
fib[1147] = 973
fib[1148] = 301
fib[1149] = 274
fib[1150] = 575
fib[1151] = 849
fib[1152] = 424
fib[1153] = 273
fib[1154] = 697
fib[1155] = 970
fib[1156] = 667
fib[1157] = 637
fib[1158] = 304
fib[1159] = 941
fib[1160] = 245
fib[1161] = 186
fib[1162] = 431
fib[1163] = 617
fib[1164] = 48
fib[1165] = 665
fib[1166] = 713
fib[1167] = 378
fib[1168] = 91
fib[1169] = 469
fib[1170] = 560
fib[1171] = 29
fib[1172] = 589
fib[1173] = 618
fib[1174] = 207
fib[1175] = 825
fib[1176] = 32
fib[1177] = 857
fib[1178] = 889
fib[1179] = 746
fib[1180] = 635
fib[1181] = 381
fib[1182] = 16
fib[1183] = 397
fib[1184] = 413
fib[1185] = 810
fib[1186] = 223
fib[1187] = 33
fib[1188] = 256
fib[1189] = 289
fib[1190] = 545
fib[1191] = 834
fib[1192] = 379
fib[1193] = 213
fib[1194] = 592
fib[1195] = 805
fib[1196] = 397
fib[1197] = 202
fib[1198] = 599
fib[1199] = 801
fib[1200] = 400
fib[1201] = 201
fib[1202] = 601
fib[1203] = 802
fib[1204] = 403
fib[1205] = 205
fib[1206] = 608
fib[1207] = 813
fib[1208] = 421
fib[1209] = 234
fib[1210] = 655
fib[1211] = 889
fib[1212] = 544
fib[1213] = 433
fib[1214] = 977
fib[1215] = 410
fib[1216] = 387
fib[1217] = 797
fib[1218] = 184
fib[1219] = 981
fib[1220] = 165
fib[1221] = 146
fib[1222] = 311
fib[1223] = 457
fib[1224] = 768
fib[1225] = 225
fib[1226] = 993
fib[1227] = 218
fib[1228] = 211
fib[1229] = 429
fib[1230] = 640
fib[1231] = 69
fib[1232] = 709
fib[1233] = 778
fib[1234] = 487
fib[1235] = 265
fib[1236] = 752
fib[1237] = 17
fib[1238] = 769
fib[1239] = 786
fib[1240] = 555
fib[1241] = 341
fib[1242] = 896
fib[1243] = 237
fib[1244] = 133
fib[1245] = 370
fib[1246] = 503
fib[1247] = 873
fib[1248] = 376
fib[1249] = 249
fib[1250] = 625
fib[1251] = 874
fib[1252] = 499
fib[1253] = 373
fib[1254] = 872
fib[1255] = 245
fib[1256] = 117
fib[1257] = 362
fib[1258] = 479
fib[1259] = 841
fib[1260] = 320
fib[1261] = 161
fib[1262] = 481
fib[1263] = 642
fib[1264] = 123
fib[1265] = 765
fib[1266] = 888
fib[1267] = 653
fib[1268] = 541
fib[1269] = 194
fib[1270] = 735
fib[1271] = 929
fib[1272] = 664
fib[1273] = 593
fib[1274] = 257
fib[1275] = 850
fib[1276] = 107
fib[1277] = 957
fib[1278] = 64
fib[1279] = 21
fib[1280] = 85
fib[1281] = 106
fib[1282] = 191
fib[1283] = 297
fib[1284] = 488
fib[1285] = 785
fib[1286] = 273
fib[1287] = 58
fib[1288] = 331
fib[1289] = 389
fib[1290] = 720
fib[1291] = 109
fib[1292] = 829
fib[1293] = 938
fib[1294] = 767
fib[1295] = 705
fib[1296] = 472
fib[1297] = 177
fib[1298] = 649
fib[1299] = 826
fib[1300] = 475
fib[1301] = 301
fib[1302] = 776
fib[1303] = 77
fib[1304] = 853
fib[1305] = 930
fib[1306] = 783
fib[1307] = 713
fib[1308] = 496
fib[1309] = 209
fib[1310] = 705
fib[1311] = 914
fib[1312] = 619
fib[1313] = 533
fib[1314] = 152
fib[1315] = 685
fib[1316] = 837
fib[1317] = 522
fib[1318] = 359
fib[1319] = 881
fib[1320] = 240
fib[1321] = 121
fib[1322] = 361
fib[1323] = 482
fib[1324] = 843
fib[1325] = 325
fib[1326] = 168
fib[1327] = 493
fib[1328] = 661
fib[1329] = 154
fib[1330] = 815
fib[1331] = 969
fib[1332] = 784
fib[1333] = 753
fib[1334] = 537
fib[1335] = 290
fib[1336] = 827
fib[1337] = 117
fib[1338] = 944
fib[1339] = 61
fib[1340] = 5
fib[1341] = 66
fib[1342] = 71
fib[1343] = 137
fib[1344] = 208
fib[1345] = 345
fib[1346] = 553
fib[1347] = 898
fib[1348] = 451
fib[1349] = 349
fib[1350] = 800
fib[1351] = 149
fib[1352] = 949
fib[1353] = 98
fib[1354] = 47
fib[1355] = 145
fib[1356] = 192
fib[1357] = 337
fib[1358] = 529
fib[1359] = 866
fib[1360] = 395
fib[1361] = 261
fib[1362] = 656
fib[1363] = 917
fib[1364] = 573
fib[1365] = 490
fib[1366] = 63
fib[1367] = 553
fib[1368] = 616
fib[1369] = 169
fib[1370] = 785
fib[1371] = 954
fib[1372] = 739
fib[1373] = 693
fib[1374] = 432
fib[1375] = 125
fib[1376] = 557
fib[1377] = 682
fib[1378] = 239
fib[1379] = 921
fib[1380] = 160
fib[1381] = 81
fib[1382] = 241
fib[1383] = 322
fib[1384] = 563
fib[1385] = 885
fib[1386] = 448
fib[1387] = 333
fib[1388] = 781
fib[1389] = 114
fib[1390] = 895
fib[1391] = 9
fib[1392] = 904
fib[1393] = 913
fib[1394] = 817
fib[1395] = 730
fib[1396] = 547
fib[1397] = 277
fib[1398] = 824
fib[1399] = 101
fib[1400] = 925
fib[1401] = 26
fib[1402] = 951
fib[1403] = 977
fib[1404] = 928
fib[1405] = 905
fib[1406] = 833
fib[1407] = 738
fib[1408] = 571
fib[1409] = 309
fib[1410] = 880
fib[1411] = 189
fib[1412] = 69
fib[1413] = 258
fib[1414] = 327
fib[1415] = 585
fib[1416] = 912
fib[1417] = 497
fib[1418] = 409
fib[1419] = 906
fib[1420] = 315
fib[1421] = 221
fib[1422] = 536
fib[1423] = 757
fib[1424] = 293
fib[1425] = 50
fib[1426] = 343
fib[1427] = 393
fib[1428] = 736
fib[1429] = 129
fib[1430] = 865
fib[1431] = 994
fib[1432] = 859
fib[1433] = 853
fib[1434] = 712
fib[1435] = 565
fib[1436] = 277
fib[1437] = 842
fib[1438] = 119
fib[1439] = 961
fib[1440] = 80
fib[1441] = 41
fib[1442] = 121
fib[1443] = 162
fib[1444] = 283
fib[1445] = 445
fib[1446] = 728
fib[1447] = 173
fib[1448] = 901
fib[1449] = 74
fib[1450] = 975
fib[1451] = 49
fib[1452] = 24
fib[1453] = 73
fib[1454] = 97
fib[1455] = 170
fib[1456] = 267
fib[1457] = 437
fib[1458] = 704
fib[1459] = 141
fib[1460] = 845
fib[1461] = 986
fib[1462] = 831
fib[1463] = 817
fib[1464] = 648
fib[1465] = 465
fib[1466] = 113
fib[1467] = 578
fib[1468] = 691
fib[1469] = 269
fib[1470] = 960
fib[1471] = 229
fib[1472] = 189
fib[1473] = 418
fib[1474] = 607
fib[1475] = 25
fib[1476] = 632
fib[1477] = 657
fib[1478] = 289
fib[1479] = 946
fib[1480] = 235
fib[1481] = 181
fib[1482] = 416
fib[1483] = 597
fib[1484] = 13
fib[1485] = 610
fib[1486] = 623
fib[1487] = 233
fib[1488] = 856
fib[1489] = 89
fib[1490] = 945
fib[1491] = 34
fib[1492] = 979
fib[1493] = 13
fib[1494] = 992
fib[1495] = 5
fib[1496] = 997
fib[1497] = 2
fib[1498] = 999
fib[1499] = 1
fib[1500] = 0
fib[1501] = 1
fib[1502] = 1
fib[1503] = 2
fib[1504] = 3
fib[1505] = 5
fib[1506] = 8
fib[1507] = 13
fib[1508] = 21
fib[1509] = 34
fib[1510] = 55
fib[1511] = 89
fib[1512] = 144
fib[1513] = 233
fib[1514] = 377
fib[1515] = 610
fib[1516] = 987
fib[1517] = 597
fib[1518] = 584
fib[1519] = 181
fib[1520] = 765
fib[1521] = 946
fib[1522] = 711
fib[1523] = 657
fib[1524] = 368
fib[1525] = 25
fib[1526] = 393
fib[1527] = 418
fib[1528] = 811
fib[1529] = 229
fib[1530] = 40
fib[1531] = 269
fib[1532] = 309
fib[1533] = 578
fib[1534] = 887
fib[1535] = 465
fib[1536] = 352
fib[1537] = 817
fib[1538] = 169
fib[1539] = 986
fib[1540] = 155
fib[1541] = 141
fib[1542] = 296
fib[1543] = 437
fib[1544] = 733
fib[1545] = 170
fib[1546] = 903
fib[1547] = 73
fib[1548] = 976
fib[1549] = 49
fib[1550] = 25
fib[1551] = 74
fib[1552] = 99
fib[1553] = 173
fib[1554] = 272
fib[1555] = 445
fib[1556] = 717
fib[1557] = 162
fib[1558] = 879
fib[1559] = 41
fib[1560] = 920
fib[1561] = 961
fib[1562] = 881
fib[1563] = 842
fib[1564] = 723
fib[1565] = 565
fib[1566] = 288
fib[1567] = 853
fib[1568] = 141
fib[1569] = 994
fib[1570] = 135
fib[1571] = 129
fib[1572] = 264
fib[1573] = 393
fib[1574] = 657
fib[1575] = 50
fib[1576] = 707
fib[1577] = 757
fib[1578] = 464
fib[1579] = 221
fib[1580] = 685
fib[1581] = 906
fib[1582] = 591
fib[1583] = 497
fib[1584] = 88
fib[1585] = 585
fib[1586] = 673
fib[1587] = 258
fib[1588] = 931
fib[1589] = 189
fib[1590] = 120
fib[1591] = 309
fib[1592] = 429
fib[1593] = 738
fib[1594] = 167
fib[1595] = 905
fib[1596] = 72
fib[1597] = 977
fib[1598] = 49
fib[1599] = 26
fib[1600] = 75
fib[1601] = 101
fib[1602] = 176
fib[1603] = 277
fib[1604] = 453
fib[1605] = 730
fib[1606] = 183
fib[1607] = 913
fib[1608] = 96
fib[1609] = 9
fib[1610] = 105
fib[1611] = 114
fib[1612] = 219
fib[1613] = 333
fib[1614] = 552
fib[1615] = 885
fib[1616] = 437
fib[1617] = 322
fib[1618] = 759
fib[1619] = 81
fib[1620] = 840
fib[1621] = 921
fib[1622] = 761
fib[1623] = 682
fib[1624] = 443
fib[1625] = 125
fib[1626] = 568
fib[1627] = 693
fib[1628] = 261
fib[1629] = 954
fib[1630] = 215
fib[1631] = 169
fib[1632] = 384
fib[1633] = 553
fib[1634] = 937
fib[1635] = 490
fib[1636] = 427
fib[1637] = 917
fib[1638] = 344
fib[1639] = 261
fib[1640] = 605
fib[1641] = 866
fib[1642] = 471
fib[1643] = 337
fib[1644] = 808
fib[1645] = 145
fib[1646] = 953
fib[1647] = 98
fib[1648] = 51
fib[1649] = 149
fib[1650] = 200
fib[1651] = 349
fib[1652] = 549
fib[1653] = 898
fib[1654] = 447
fib[1655] = 345
fib[1656] = 792
fib[1657] = 137
fib[1658] = 929
fib[1659] = 66
fib[1660] = 995
fib[1661] = 61
fib[1662] = 56
fib[1663] = 117
fib[1664] = 173
fib[1665] = 290
fib[1666] = 463
fib[1667] = 753
fib[1668] = 216
fib[1669] = 969
fib[1670] = 185
fib[1671] = 154
fib[1672] = 339
fib[1673] = 493
fib[1674] = 832
fib[1675] = 325
fib[1676] = 157
fib[1677] = 482
fib[1678] = 639
fib[1679] = 121
fib[1680] = 760
fib[1681] = 881
fib[1682] = 641
fib[1683] = 522
fib[1684] = 163
fib[1685] = 685
fib[1686] = 848
fib[1687] = 533
fib[1688] = 381
fib[1689] = 914
fib[1690] = 295
fib[1691] = 209
fib[1692] = 504
fib[1693] = 713
fib[1694] = 217
fib[1695] = 930
fib[1696] = 147
fib[1697] = 77
fib[1698] = 224
fib[1699] = 301
fib[1700] = 525
fib[1701] = 826
fib[1702] = 351
fib[1703] = 177
fib[1704] = 528
fib[1705] = 705
fib[1706] = 233
fib[1707] = 938
fib[1708] = 171
fib[1709] = 109
fib[1710] = 280
fib[1711] = 389
fib[1712] = 669
fib[1713] = 58
fib[1714] = 727
fib[1715] = 785
fib[1716] = 512
fib[1717] = 297
fib[1718] = 809
fib[1719] = 106
fib[1720] = 915
fib[1721] = 21
fib[1722] = 936
fib[1723] = 957
fib[1724] = 893
fib[1725] = 850
fib[1726] = 743
fib[1727] = 593
fib[1728] = 336
fib[1729] = 929
fib[1730] = 265
fib[1731] = 194
fib[1732] = 459
fib[1733] = 653
fib[1734] = 112
fib[1735] = 765
fib[1736] = 877
fib[1737] = 642
fib[1738] = 519
fib[1739] = 161
fib[1740] = 680
fib[1741] = 841
fib[1742] = 521
fib[1743] = 362
fib[1744] = 883
fib[1745] = 245
fib[1746] = 128
fib[1747] = 373
fib[1748] = 501
fib[1749] = 874
fib[1750] = 375
fib[1751] = 249
fib[1752] = 624
fib[1753] = 873
fib[1754] = 497
fib[1755] = 370
fib[1756] = 867
fib[1757] = 237
fib[1758] = 104
fib[1759] = 341
fib[1760] = 445
fib[1761] = 786
fib[1762] = 231
fib[1763] = 17
fib[1764] = 248
fib[1765] = 265
fib[1766] = 513
fib[1767] = 778
fib[1768] = 291
fib[1769] = 69
fib[1770] = 360
fib[1771] = 429
fib[1772] = 789
fib[1773] = 218
fib[1774] = 7
fib[1775] = 225
fib[1776] = 232
fib[1777] = 457
fib[1778] = 689
fib[1779] = 146
fib[1780] = 835
fib[1781] = 981
fib[1782] = 816
fib[1783] = 797
fib[1784] = 613
fib[1785] = 410
fib[1786] = 23
fib[1787] = 433
fib[1788] = 456
fib[1789] = 889
fib[1790] = 345
fib[1791] = 234
fib[1792] = 579
fib[1793] = 813
fib[1794] = 392
fib[1795] = 205
fib[1796] = 597
fib[1797] = 802
fib[1798] = 399
fib[1799] = 201
fib[1800] = 600
fib[1801] = 801
fib[1802] = 401
fib[1803] = 202
fib[1804] = 603
fib[1805] = 805
fib[1806] = 408
fib[1807] = 213
fib[1808] = 621
fib[1809] = 834
fib[1810] = 455
fib[1811] = 289
fib[1812] = 744
fib[1813] = 33
fib[1814] = 777
fib[1815] = 810
fib[1816] = 587
fib[1817] = 397
fib[1818] = 984
fib[1819] = 381
fib[1820] = 365
fib[1821] = 746
fib[1822] = 111
fib[1823] = 857
fib[1824] = 968
fib[1825] = 825
fib[1826] = 793
fib[1827] = 618
fib[1828] = 411
fib[1829] = 29
fib[1830] = 440
fib[1831] = 469
fib[1832] = 909
fib[1833] = 378
fib[1834] = 287
fib[1835] = 665
fib[1836] = 952
fib[1837] = 617
fib[1838] = 569
fib[1839] = 186
fib[1840] = 755
fib[1841] = 941
fib[1842] = 696
fib[1843] = 637
fib[1844] = 333
fib[1845] = 970
fib[1846] = 303
fib[1847] = 273
fib[1848] = 576
fib[1849] = 849
fib[1850] = 425
fib[1851] = 274
fib[1852] = 699
fib[1853] = 973
fib[1854] = 672
fib[1855] = 645
fib[1856] = 317
fib[1857] = 962
fib[1858] = 279
fib[1859] = 241
fib[1860] = 520
fib[1861] = 761
fib[1862] = 281
fib[1863] = 42
fib[1864] = 323
fib[1865] = 365
fib[1866] = 688
fib[1867] = 53
fib[1868] = 741
fib[1869] = 794
fib[1870] = 535
fib[1871] = 329
fib[1872] = 864
fib[1873] = 193
fib[1874] = 57
fib[1875] = 250
fib[1876] = 307
fib[1877] = 557
fib[1878] = 864
fib[1879] = 421
fib[1880] = 285
fib[1881] = 706
fib[1882] = 991
fib[1883] = 697
fib[1884] = 688
fib[1885] = 385
fib[1886] = 73
fib[1887] = 458
fib[1888] = 531
fib[1889] = 989
fib[1890] = 520
fib[1891] = 509
fib[1892] = 29
fib[1893] = 538
fib[1894] = 567
fib[1895] = 105
fib[1896] = 672
fib[1897] = 777
fib[1898] = 449
fib[1899] = 226
fib[1900] = 675
fib[1901] = 901
fib[1902] = 576
fib[1903] = 477
fib[1904] = 53
fib[1905] = 530
fib[1906] = 583
fib[1907] = 113
fib[1908] = 696
fib[1909] = 809
fib[1910] = 505
fib[1911] = 314
fib[1912] = 819
fib[1913] = 133
fib[1914] = 952
fib[1915] = 85
fib[1916] = 37
fib[1917] = 122
fib[1918] = 159
fib[1919] = 281
fib[1920] = 440
fib[1921] = 721
fib[1922] = 161
fib[1923] = 882
fib[1924] = 43
fib[1925] = 925
fib[1926] = 968
fib[1927] = 893
fib[1928] = 861
fib[1929] = 754
fib[1930] = 615
fib[1931] = 369
fib[1932] = 984
fib[1933] = 353
fib[1934] = 337
fib[1935] = 690
fib[1936] = 27
fib[1937] = 717
fib[1938] = 744
fib[1939] = 461
fib[1940] = 205
fib[1941] = 666
fib[1942] = 871
fib[1943] = 537
fib[1944] = 408
fib[1945] = 945
fib[1946] = 353
fib[1947] = 298
fib[1948] = 651
fib[1949] = 949
fib[1950] = 600
fib[1951] = 549
fib[1952] = 149
fib[1953] = 698
fib[1954] = 847
fib[1955] = 545
fib[1956] = 392
fib[1957] = 937
fib[1958] = 329
fib[1959] = 266
fib[1960] = 595
fib[1961] = 861
fib[1962] = 456
fib[1963] = 317
fib[1964] = 773
fib[1965] = 90
fib[1966] = 863
fib[1967] = 953
fib[1968] = 816
fib[1969] = 769
fib[1970] = 585
fib[1971] = 354
fib[1972] = 939
fib[1973] = 293
fib[1974] = 232
fib[1975] = 525
fib[1976] = 757
fib[1977] = 282
fib[1978] = 39
fib[1979] = 321
fib[1980] = 360
fib[1981] = 681
fib[1982] = 41
fib[1983] = 722
fib[1984] = 763
fib[1985] = 485
fib[1986] = 248
fib[1987] = 733
fib[1988] = 981
fib[1989] = 714
fib[1990] = 695
fib[1991] = 409
fib[1992] = 104
fib[1993] = 513
fib[1994] = 617
fib[1995] = 130
fib[1996] = 747
fib[1997] = 877
fib[1998] = 624
fib[1999] = 501
fib[2000] = 125
fib[2001] = 626
fib[2002] = 751
fib[2003] = 377
fib[2004] = 128
fib[2005] = 505
fib[2006] = 633
fib[2007] = 138
fib[2008] = 771
fib[2009] = 909
fib[2010] = 680
fib[2011] = 589
fib[2012] = 269
fib[2013] = 858
fib[2014] = 127
fib[2015] = 985
fib[2016] = 112
fib[2017] = 97
fib[2018] = 209
fib[2019] = 306
fib[2020] = 515
fib[2021] = 821
fib[2022] = 336
fib[2023] = 157
fib[2024] = 493
fib[2025] = 650
fib[2026] = 143
fib[2027] = 793
fib[2028] = 936
fib[2029] = 729
fib[2030] = 665
fib[2031] = 394
fib[2032] = 59
fib[2033] = 453
fib[2034] = 512
fib[2035] = 965
fib[2036] = 477
fib[2037] = 442
fib[2038] = 919
fib[2039] = 361
fib[2040] = 280
fib[2041] = 641
fib[2042] = 921
fib[2043] = 562
fib[2044] = 483
fib[2045] = 45
fib[2046] = 528
fib[2047] = 573
fib[2048] = 101
fib[2049] = 674
fib[2050] = 775
fib[2051] = 449
fib[2052] = 224
fib[2053] = 673
fib[2054] = 897
fib[2055] = 570
fib[2056] = 467
fib[2057] = 37
fib[2058] = 504
fib[2059] = 541
fib[2060] = 45
fib[2061] = 586
fib[2062] = 631
fib[2063] = 217
fib[2064] = 848
fib[2065] = 65
fib[2066] = 913
fib[2067] = 978
fib[2068] = 891
fib[2069] = 869
fib[2070] = 760
fib[2071] = 629
fib[2072] = 389
fib[2073] = 18
fib[2074] = 407
fib[2075] = 425
fib[2076] = 832
fib[2077] = 257
fib[2078] = 89
fib[2079] = 346
fib[2080] = 435
fib[2081] = 781
fib[2082] = 216
fib[2083] = 997
fib[2084] = 213
fib[2085] = 210
fib[2086] = 423
fib[2087] = 633
fib[2088] = 56
fib[2089] = 689
fib[2090] = 745
fib[2091] = 434
fib[2092] = 179
fib[2093] = 613
fib[2094] = 792
fib[2095] = 405
fib[2096] = 197
fib[2097] = 602
fib[2098] = 799
fib[2099] = 401
fib[2100] = 200
fib[2101] = 601
fib[2102] = 801
fib[2103] = 402
fib[2104] = 203
fib[2105] = 605
fib[2106] = 808
fib[2107] = 413
fib[2108] = 221
fib[2109] = 634
fib[2110] = 855
fib[2111] = 489
fib[2112] = 344
fib[2113] = 833
fib[2114] = 177
fib[2115] = 10
fib[2116] = 187
fib[2117] = 197
fib[2118] = 384
fib[2119] = 581
fib[2120] = 965
fib[2121] = 546
fib[2122] = 511
fib[2123] = 57
fib[2124] = 568
fib[2125] = 625
fib[2126] = 193
fib[2127] = 818
fib[2128] = 11
fib[2129] = 829
fib[2130] = 840
fib[2131] = 669
fib[2132] = 509
fib[2133] = 178
fib[2134] = 687
fib[2135] = 865
fib[2136] = 552
fib[2137] = 417
fib[2138] = 969
fib[2139] = 386
fib[2140] = 355
fib[2141] = 741
fib[2142] = 96
fib[2143] = 837
fib[2144] = 933
fib[2145] = 770
fib[2146] = 703
fib[2147] = 473
fib[2148] = 176
fib[2149] = 649
fib[2150] = 825
fib[2151] = 474
fib[2152] = 299
fib[2153] = 773
fib[2154] = 72
fib[2155] = 845
fib[2156] = 917
fib[2157] = 762
fib[2158] = 679
fib[2159] = 441
fib[2160] = 120
fib[2161] = 561
fib[2162] = 681
fib[2163] = 242
fib[2164] = 923
fib[2165] = 165
fib[2166] = 88
fib[2167] = 253
fib[2168] = 341
fib[2169] = 594
fib[2170] = 935
fib[2171] = 529
fib[2172] = 464
fib[2173] = 993
fib[2174] = 457
fib[2175] = 450
fib[2176] = 907
fib[2177] = 357
fib[2178] = 264
fib[2179] = 621
fib[2180] = 885
fib[2181] = 506
fib[2182] = 391
fib[2183] = 897
fib[2184] = 288
fib[2185] = 185
fib[2186] = 473
fib[2187] = 658
fib[2188] = 131
fib[2189] = 789
fib[2190] = 920
fib[2191] = 709
fib[2192] = 629
fib[2193] = 338
fib[2194] = 967
fib[2195] = 305
fib[2196] = 272
fib[2197] = 577
fib[2198] = 849
fib[2199] = 426
fib[2200] = 275
fib[2201] = 701
fib[2202] = 976
fib[2203] = 677
fib[2204] = 653
fib[2205] = 330
fib[2206] = 983
fib[2207] = 313
fib[2208] = 296
fib[2209] = 609
fib[2210] = 905
fib[2211] = 514
fib[2212] = 419
fib[2213] = 933
fib[2214] = 352
fib[2215] = 285
fib[2216] = 637
fib[2217] = 922
fib[2218] = 559
fib[2219] = 481
fib[2220] = 40
fib[2221] = 521
fib[2222] = 561
fib[2223] = 82
fib[2224] = 643
fib[2225] = 725
fib[2226] = 368
fib[2227] = 93
fib[2228] = 461
fib[2229] = 554
fib[2230] = 15
fib[2231] = 569
fib[2232] = 584
fib[2233] = 153
fib[2234] = 737
fib[2235] = 890
fib[2236] = 627
fib[2237] = 517
fib[2238] = 144
fib[2239] = 661
fib[2240] = 805
fib[2241] = 466
fib[2242] = 271
fib[2243] = 737
fib[2244] = 8
fib[2245] = 745
fib[2246] = 753
fib[2247] = 498
fib[2248] = 251
fib[2249] = 749
fib[2250] = 0
fib[2251] = 749
fib[2252] = 749
fib[2253] = 498
fib[2254] = 247
fib[2255] = 745
fib[2256] = 992
fib[2257] = 737
fib[2258] = 729
fib[2259] = 466
fib[2260] = 195
fib[2261] = 661
fib[2262] = 856
fib[2263] = 517
fib[2264] = 373
fib[2265] = 890
fib[2266] = 263
fib[2267] = 153
fib[2268] = 416
fib[2269] = 569
fib[2270] = 985
fib[2271] = 554
fib[2272] = 539
fib[2273] = 93
fib[2274] = 632
fib[2275] = 725
fib[2276] = 357
fib[2277] = 82
fib[2278] = 439
fib[2279] = 521
fib[2280] = 960
fib[2281] = 481
fib[2282] = 441
fib[2283] = 922
fib[2284] = 363
fib[2285] = 285
fib[2286] = 648
fib[2287] = 933
fib[2288] = 581
fib[2289] = 514
fib[2290] = 95
fib[2291] = 609
fib[2292] = 704
fib[2293] = 313
fib[2294] = 17
fib[2295] = 330
fib[2296] = 347
fib[2297] = 677
fib[2298] = 24
fib[2299] = 701
fib[2300] = 725
fib[2301] = 426
fib[2302] = 151
fib[2303] = 577
fib[2304] = 728
fib[2305] = 305
fib[2306] = 33
fib[2307] = 338
fib[2308] = 371
fib[2309] = 709
fib[2310] = 80
fib[2311] = 789
fib[2312] = 869
fib[2313] = 658
fib[2314] = 527
fib[2315] = 185
fib[2316] = 712
fib[2317] = 897
fib[2318] = 609
fib[2319] = 506
fib[2320] = 115
fib[2321] = 621
fib[2322] = 736
fib[2323] = 357
fib[2324] = 93
fib[2325] = 450
fib[2326] = 543
fib[2327] = 993
fib[2328] = 536
fib[2329] = 529
fib[2330] = 65
fib[2331] = 594
fib[2332] = 659
fib[2333] = 253
fib[2334] = 912
fib[2335] = 165
fib[2336] = 77
fib[2337] = 242
fib[2338] = 319
fib[2339] = 561
fib[2340] = 880
fib[2341] = 441
fib[2342] = 321
fib[2343] = 762
fib[2344] = 83
fib[2345] = 845
fib[2346] = 928
fib[2347] = 773
fib[2348] = 701
fib[2349] = 474
fib[2350] = 175
fib[2351] = 649
fib[2352] = 824
fib[2353] = 473
fib[2354] = 297
fib[2355] = 770
fib[2356] = 67
fib[2357] = 837
fib[2358] = 904
fib[2359] = 741
fib[2360] = 645
fib[2361] = 386
fib[2362] = 31
fib[2363] = 417
fib[2364] = 448
fib[2365] = 865
fib[2366] = 313
fib[2367] = 178
fib[2368] = 491
fib[2369] = 669
fib[2370] = 160
fib[2371] = 829
fib[2372] = 989
fib[2373] = 818
fib[2374] = 807
fib[2375] = 625
fib[2376] = 432
fib[2377] = 57
fib[2378] = 489
fib[2379] = 546
fib[2380] = 35
fib[2381] = 581
fib[2382] = 616
fib[2383] = 197
fib[2384] = 813
fib[2385] = 10
fib[2386] = 823
fib[2387] = 833
fib[2388] = 656
fib[2389] = 489
fib[2390] = 145
fib[2391] = 634
fib[2392] = 779
fib[2393] = 413
fib[2394] = 192
fib[2395] = 605
fib[2396] = 797
fib[2397] = 402
fib[2398] = 199
fib[2399] = 601
fib[2400] = 800
fib[2401] = 401
fib[2402] = 201
fib[2403] = 602
fib[2404] = 803
fib[2405] = 405
fib[2406] = 208
fib[2407] = 613
fib[2408] = 821
fib[2409] = 434
fib[2410] = 255
fib[2411] = 689
fib[2412] = 944
fib[2413] = 633
fib[2414] = 577
fib[2415] = 210
fib[2416] = 787
fib[2417] = 997
fib[2418] = 784
fib[2419] = 781
fib[2420] = 565
fib[2421] = 346
fib[2422] = 911
fib[2423] = 257
fib[2424] = 168
fib[2425] = 425
fib[2426] = 593
fib[2427] = 18
fib[2428] = 611
fib[2429] = 629
fib[2430] = 240
fib[2431] = 869
fib[2432] = 109
fib[2433] = 978
fib[2434] = 87
fib[2435] = 65
fib[2436] = 152
fib[2437] = 217
fib[2438] = 369
fib[2439] = 586
fib[2440] = 955
fib[2441] = 541
fib[2442] = 496
fib[2443] = 37
fib[2444] = 533
fib[2445] = 570
fib[2446] = 103
fib[2447] = 673
fib[2448] = 776
fib[2449] = 449
fib[2450] = 225
fib[2451] = 674
fib[2452] = 899
fib[2453] = 573
fib[2454] = 472
fib[2455] = 45
fib[2456] = 517
fib[2457] = 562
fib[2458] = 79
fib[2459] = 641
fib[2460] = 720
fib[2461] = 361
fib[2462] = 81
fib[2463] = 442
fib[2464] = 523
fib[2465] = 965
fib[2466] = 488
fib[2467] = 453
fib[2468] = 941
fib[2469] = 394
fib[2470] = 335
fib[2471] = 729
fib[2472] = 64
fib[2473] = 793
fib[2474] = 857
fib[2475] = 650
fib[2476] = 507
fib[2477] = 157
fib[2478] = 664
fib[2479] = 821
fib[2480] = 485
fib[2481] = 306
fib[2482] = 791
fib[2483] = 97
fib[2484] = 888
fib[2485] = 985
fib[2486] = 873
fib[2487] = 858
fib[2488] = 731
fib[2489] = 589
fib[2490] = 320
fib[2491] = 909
fib[2492] = 229
fib[2493] = 138
fib[2494] = 367
fib[2495] = 505
fib[2496] = 872
fib[2497] = 377
fib[2498] = 249
fib[2499] = 626
fib[2500] = 875
fib[2501] = 501
fib[2502] = 376
fib[2503] = 877
fib[2504] = 253
fib[2505] = 130
fib[2506] = 383
fib[2507] = 513
fib[2508] = 896
fib[2509] = 409
fib[2510] = 305
fib[2511] = 714
fib[2512] = 19
fib[2513] = 733
fib[2514] = 752
fib[2515] = 485
fib[2516] = 237
fib[2517] = 722
fib[2518] = 959
fib[2519] = 681
fib[2520] = 640
fib[2521] = 321
fib[2522] = 961
fib[2523] = 282
fib[2524] = 243
fib[2525] = 525
fib[2526] = 768
fib[2527] = 293
fib[2528] = 61
fib[2529] = 354
fib[2530] = 415
fib[2531] = 769
fib[2532] = 184
fib[2533] = 953
fib[2534] = 137
fib[2535] = 90
fib[2536] = 227
fib[2537] = 317
fib[2538] = 544
fib[2539] = 861
fib[2540] = 405
fib[2541] = 266
fib[2542] = 671
fib[2543] = 937
fib[2544] = 608
fib[2545] = 545
fib[2546] = 153
fib[2547] = 698
fib[2548] = 851
fib[2549] = 549
fib[2550] = 400
fib[2551] = 949
fib[2552] = 349
fib[2553] = 298
fib[2554] = 647
fib[2555] = 945
fib[2556] = 592
fib[2557] = 537
fib[2558] = 129
fib[2559] = 666
fib[2560] = 795
fib[2561] = 461
fib[2562] = 256
fib[2563] = 717
fib[2564] = 973
fib[2565] = 690
fib[2566] = 663
fib[2567] = 353
fib[2568] = 16
fib[2569] = 369
fib[2570] = 385
fib[2571] = 754
fib[2572] = 139
fib[2573] = 893
fib[2574] = 32
fib[2575] = 925
fib[2576] = 957
fib[2577] = 882
fib[2578] = 839
fib[2579] = 721
fib[2580] = 560
fib[2581] = 281
fib[2582] = 841
fib[2583] = 122
fib[2584] = 963
fib[2585] = 85
fib[2586] = 48
fib[2587] = 133
fib[2588] = 181
fib[2589] = 314
fib[2590] = 495
fib[2591] = 809
fib[2592] = 304
fib[2593] = 113
fib[2594] = 417
fib[2595] = 530
fib[2596] = 947
fib[2597] = 477
fib[2598] = 424
fib[2599] = 901
fib[2600] = 325
fib[2601] = 226
fib[2602] = 551
fib[2603] = 777
fib[2604] = 328
fib[2605] = 105
fib[2606] = 433
fib[2607] = 538
fib[2608] = 971
fib[2609] = 509
fib[2610] = 480
fib[2611] = 989
fib[2612] = 469
fib[2613] = 458
fib[2614] = 927
fib[2615] = 385
fib[2616] = 312
fib[2617] = 697
fib[2618] = 9
fib[2619] = 706
fib[2620] = 715
fib[2621] = 421
fib[2622] = 136
fib[2623] = 557
fib[2624] = 693
fib[2625] = 250
fib[2626] = 943
fib[2627] = 193
fib[2628] = 136
fib[2629] = 329
fib[2630] = 465
fib[2631] = 794
fib[2632] = 259
fib[2633] = 53
fib[2634] = 312
fib[2635] = 365
fib[2636] = 677
fib[2637] = 42
fib[2638] = 719
fib[2639] = 761
fib[2640] = 480
fib[2641] = 241
fib[2642] = 721
fib[2643] = 962
fib[2644] = 683
fib[2645] = 645
fib[2646] = 328
fib[2647] = 973
fib[2648] = 301
fib[2649] = 274
fib[2650] = 575
fib[2651] = 849
fib[2652] = 424
fib[2653] = 273
fib[2654] = 697
fib[2655] = 970
fib[2656] = 667
fib[2657] = 637
fib[2658] = 304
fib[2659] = 941
fib[2660] = 245
fib[2661] = 186
fib[2662] = 431
fib[2663] = 617
fib[2664] = 48
fib[2665] = 665
fib[2666] = 713
fib[2667] = 378
fib[2668] = 91
fib[2669] = 469
fib[2670] = 560
fib[2671] = 29
fib[2672] = 589
fib[2673] = 618
fib[2674] = 207
fib[2675] = 825
fib[2676] = 32
fib[2677] = 857
fib[2678] = 889
fib[2679] = 746
fib[2680] = 635
fib[2681] = 381
fib[2682] = 16
fib[2683] = 397
fib[2684] = 413
fib[2685] = 810
fib[2686] = 223
fib[2687] = 33
fib[2688] = 256
fib[2689] = 289
fib[2690] = 545
fib[2691] = 834
fib[2692] = 379
fib[2693] = 213
fib[2694] = 592
fib[2695] = 805
fib[2696] = 397
fib[2697] = 202
fib[2698] = 599
fib[2699] = 801
fib[2700] = 400
fib[2701] = 201
fib[2702] = 601
fib[2703] = 802
fib[2704] = 403
fib[2705] = 205
fib[2706] = 608
fib[2707] = 813
fib[2708] = 421
fib[2709] = 234
fib[2710] = 655
fib[2711] = 889
fib[2712] = 544
fib[2713] = 433
fib[2714] = 977
fib[2715] = 410
fib[2716] = 387
fib[2717] = 797
fib[2718] = 184
fib[2719] = 981
fib[2720] = 165
fib[2721] = 146
fib[2722] = 311
fib[2723] = 457
fib[2724] = 768
fib[2725] = 225
fib[2726] = 993
fib[2727] = 218
fib[2728] = 211
fib[2729] = 429
fib[2730] = 640
fib[2731] = 69
fib[2732] = 709
fib[2733] = 778
fib[2734] = 487
fib[2735] = 265
fib[2736] = 752
fib[2737] = 17
fib[2738] = 769
fib[2739] = 786
fib[2740] = 555
fib[2741] = 341
fib[2742] = 896
fib[2743] = 237
fib[2744] = 133
fib[2745] = 370
fib[2746] = 503
fib[2747] = 873
fib[2748] = 376
fib[2749] = 249
fib[2750] = 625
fib[2751] = 874
fib[2752] = 499
fib[2753] = 373
fib[2754] = 872
fib[2755] = 245
fib[2756] = 117
fib[2757] = 362
fib[2758] = 479
fib[2759] = 841
fib[2760] = 320
fib[2761] = 161
fib[2762] = 481
fib[2763] = 642
fib[2764] = 123
fib[2765] = 765
fib[2766] = 888
fib[2767] = 653
fib[2768] = 541
fib[2769] = 194
fib[2770] = 735
fib[2771] = 929
fib[2772] = 664
fib[2773] = 593
fib[2774] = 257
fib[2775] = 850
fib[2776] = 107
fib[2777] = 957
fib[2778] = 64
fib[2779] = 21
fib[2780] = 85
fib[2781] = 106
fib[2782] = 191
fib[2783] = 297
fib[2784] = 488
fib[2785] = 785
fib[2786] = 273
fib[2787] = 58
fib[2788] = 331
fib[2789] = 389
fib[2790] = 720
fib[2791] = 109
fib[2792] = 829
fib[2793] = 938
fib[2794] = 767
fib[2795] = 705
fib[2796] = 472
fib[2797] = 177
fib[2798] = 649
fib[2799] = 826
fib[2800] = 475
fib[2801] = 301
fib[2802] = 776
fib[2803] = 77
fib[2804] = 853
fib[2805] = 930
fib[2806] = 783
fib[2807] = 713
fib[2808] = 496
fib[2809] = 209
fib[2810] = 705
fib[2811] = 914
fib[2812] = 619
fib[2813] = 533
fib[2814] = 152
fib[2815] = 685
fib[2816] = 837
fib[2817] = 522
fib[2818] = 359
fib[2819] = 881
fib[2820] = 240
fib[2821] = 121
fib[2822] = 361
fib[2823] = 482
fib[2824] = 843
fib[2825] = 325
fib[2826] = 168
fib[2827] = 493
fib[2828] = 661
fib[2829] = 154
fib[2830] = 815
fib[2831] = 969
fib[2832] = 784
fib[2833] = 753
fib[2834] = 537
fib[2835] = 290
fib[2836] = 827
fib[2837] = 117
fib[2838] = 944
fib[2839] = 61
fib[2840] = 5
fib[2841] = 66
fib[2842] = 71
fib[2843] = 137
fib[2844] = 208
fib[2845] = 345
fib[2846] = 553
fib[2847] = 898
fib[2848] = 451
fib[2849] = 349
fib[2850] = 800
fib[2851] = 149
fib[2852] = 949
fib[2853] = 98
fib[2854] = 47
fib[2855] = 145
fib[2856] = 192
fib[2857] = 337
fib[2858] = 529
fib[2859] = 866
fib[2860] = 395
fib[2861] = 261
fib[2862] = 656
fib[2863] = 917
fib[2864] = 573
fib[2865] = 490
fib[2866] = 63
fib[2867] = 553
fib[2868] = 616
fib[2869] = 169
fib[2870] = 785
fib[2871] = 954
fib[2872] = 739
fib[2873] = 693
fib[2874] = 432
fib[2875] = 125
fib[2876] = 557
fib[2877] = 682
fib[2878] = 239
fib[2879] = 921
fib[2880] = 160
fib[2881] = 81
fib[2882] = 241
fib[2883] = 322
fib[2884] = 563
fib[2885] = 885
fib[2886] = 448
fib[2887] = 333
fib[2888] = 781
fib[2889] = 114
fib[2890] = 895
fib[2891] = 9
fib[2892] = 904
fib[2893] = 913
fib[2894] = 817
fib[2895] = 730
fib[2896] = 547
fib[2897] = 277
fib[2898] = 824
fib[2899] = 101
fib[2900] = 925
fib[2901] = 26
fib[2902] = 951
fib[2903] = 977
fib[2904] = 928
fib[2905] = 905
fib[2906] = 833
fib[2907] = 738
fib[2908] = 571
fib[2909] = 309
fib[2910] = 880
fib[2911] = 189
fib[2912] = 69
fib[2913] = 258
fib[2914] = 327
fib[2915] = 585
fib[2916] = 912
fib[2917] = 497
fib[2918] = 409
fib[2919] = 906
fib[2920] = 315
fib[2921] = 221
fib[2922] = 536
fib[2923] = 757
fib[2924] = 293
fib[2925] = 50
fib[2926] = 343
fib[2927] = 393
fib[2928] = 736
fib[2929] = 129
fib[2930] = 865
fib[2931] = 994
fib[2932] = 859
fib[2933] = 853
fib[2934] = 712
fib[2935] = 565
fib[2936] = 277
fib[2937] = 842
fib[2938] = 119
fib[2939] = 961
fib[2940] = 80
fib[2941] = 41
fib[2942] = 121
fib[2943] = 162
fib[2944] = 283
fib[2945] = 445
fib[2946] = 728
fib[2947] = 173
fib[2948] = 901
fib[2949] = 74
fib[2950] = 975
fib[2951] = 49
fib[2952] = 24
fib[2953] = 73
fib[2954] = 97
fib[2955] = 170
fib[2956] = 267
fib[2957] = 437
fib[2958] = 704
fib[2959] = 141
fib[2960] = 845
fib[2961] = 986
fib[2962] = 831
fib[2963] = 817
fib[2964] = 648
fib[2965] = 465
fib[2966] = 113
fib[2967] = 578
fib[2968] = 691
fib[2969] = 269
fib[2970] = 960
fib[2971] = 229
fib[2972] = 189
fib[2973] = 418
fib[2974] = 607
fib[2975] = 25
fib[2976] = 632
fib[2977] = 657
fib[2978] = 289
fib[2979] = 946
fib[2980] = 235
fib[2981] = 181
fib[2982] = 416
fib[2983] = 597
fib[2984] = 13
fib[2985] = 610
fib[2986] = 623
fib[2987] = 233
fib[2988] = 856
fib[2989] = 89
fib[2990] = 945
fib[2991] = 34
fib[2992] = 979
fib[2993] = 13
fib[2994] = 992
fib[2995] = 5
fib[2996] = 997
fib[2997] = 2
fib[2998] = 999
fib[2999] = 1
fib[3000] = 0
fib[3001] = 1

0
391
375
